Command line invocation:
    /Applications/Xcode.app/Contents/Developer/usr/bin/xcodebuild -project /Volumes/SN550-2T/freewind-demos/swiftui-macos-carbon-global-hotkey-demo/SwiftUICarbonGlobalHotkeyDemo.xcodeproj -scheme SwiftUICarbonGlobalHotkeyDemo -configuration Debug -destination platform=macOS,arch=x86_64 -derivedDataPath /Volumes/SN550-2T/freewind-demos/swiftui-macos-carbon-global-hotkey-demo/build/out/DerivedData ONLY_ACTIVE_ARCH=YES ARCHS=x86_64 CONFIGURATION_BUILD_DIR=/Volumes/SN550-2T/freewind-demos/swiftui-macos-carbon-global-hotkey-demo/build/out/Debug build

Build settings from command line:
    ARCHS = x86_64
    CONFIGURATION_BUILD_DIR = /Volumes/SN550-2T/freewind-demos/swiftui-macos-carbon-global-hotkey-demo/build/out/Debug
    ONLY_ACTIVE_ARCH = YES

ComputePackagePrebuildTargetDependencyGraph

Prepare packages

CreateBuildRequest

SendProjectDescription

CreateBuildOperation

ComputeTargetDependencyGraph
note: Building targets in dependency order
note: Target dependency graph (1 target)
    Target 'SwiftUICarbonGlobalHotkeyDemo' in project 'SwiftUICarbonGlobalHotkeyDemo' (no dependencies)

GatherProvisioningInputs

CreateBuildDescription

ExecuteExternalTool /Applications/Xcode.app/Contents/Developer/Toolchains/XcodeDefault.xctoolchain/usr/bin/clang -v -E -dM -isysroot /Applications/Xcode.app/Contents/Developer/Platforms/MacOSX.platform/Developer/SDKs/MacOSX26.2.sdk -x c -c /dev/null

ExecuteExternalTool /Applications/Xcode.app/Contents/Developer/Toolchains/XcodeDefault.xctoolchain/usr/bin/swiftc --version

ExecuteExternalTool /Applications/Xcode.app/Contents/Developer/Toolchains/XcodeDefault.xctoolchain/usr/bin/ld -version_details

Build description signature: 00e1edf3377a8de75b9f3ac456da4ef2
Build description path: /Volumes/SN550-2T/freewind-demos/swiftui-macos-carbon-global-hotkey-demo/build/out/DerivedData/Build/Intermediates.noindex/XCBuildData/00e1edf3377a8de75b9f3ac456da4ef2.xcbuilddata
CreateBuildDirectory /Volumes/SN550-2T/freewind-demos/swiftui-macos-carbon-global-hotkey-demo/build/out/DerivedData/Build/Products
    cd /Volumes/SN550-2T/freewind-demos/swiftui-macos-carbon-global-hotkey-demo/SwiftUICarbonGlobalHotkeyDemo.xcodeproj
    builtin-create-build-directory /Volumes/SN550-2T/freewind-demos/swiftui-macos-carbon-global-hotkey-demo/build/out/DerivedData/Build/Products

CreateBuildDirectory /Volumes/SN550-2T/freewind-demos/swiftui-macos-carbon-global-hotkey-demo/build/out/DerivedData/Build/Intermediates.noindex
    cd /Volumes/SN550-2T/freewind-demos/swiftui-macos-carbon-global-hotkey-demo/SwiftUICarbonGlobalHotkeyDemo.xcodeproj
    builtin-create-build-directory /Volumes/SN550-2T/freewind-demos/swiftui-macos-carbon-global-hotkey-demo/build/out/DerivedData/Build/Intermediates.noindex

CreateBuildDirectory /Volumes/SN550-2T/freewind-demos/swiftui-macos-carbon-global-hotkey-demo/build/out/Debug
    cd /Volumes/SN550-2T/freewind-demos/swiftui-macos-carbon-global-hotkey-demo/SwiftUICarbonGlobalHotkeyDemo.xcodeproj
    builtin-create-build-directory /Volumes/SN550-2T/freewind-demos/swiftui-macos-carbon-global-hotkey-demo/build/out/Debug

ClangStatCache /Applications/Xcode.app/Contents/Developer/Toolchains/XcodeDefault.xctoolchain/usr/bin/clang-stat-cache /Applications/Xcode.app/Contents/Developer/Platforms/MacOSX.platform/Developer/SDKs/MacOSX26.2.sdk /Volumes/SN550-2T/freewind-demos/swiftui-macos-carbon-global-hotkey-demo/build/out/DerivedData/SDKStatCaches.noindex/macosx26.2-25C58-00fa09913b459cbbc988d1f6730289ae.sdkstatcache
    cd /Volumes/SN550-2T/freewind-demos/swiftui-macos-carbon-global-hotkey-demo/SwiftUICarbonGlobalHotkeyDemo.xcodeproj
    /Applications/Xcode.app/Contents/Developer/Toolchains/XcodeDefault.xctoolchain/usr/bin/clang-stat-cache /Applications/Xcode.app/Contents/Developer/Platforms/MacOSX.platform/Developer/SDKs/MacOSX26.2.sdk -o /Volumes/SN550-2T/freewind-demos/swiftui-macos-carbon-global-hotkey-demo/build/out/DerivedData/SDKStatCaches.noindex/macosx26.2-25C58-00fa09913b459cbbc988d1f6730289ae.sdkstatcache

CreateBuildDirectory /Volumes/SN550-2T/freewind-demos/swiftui-macos-carbon-global-hotkey-demo/build/out/DerivedData/Build/Intermediates.noindex/SwiftExplicitPrecompiledModules
    cd /Volumes/SN550-2T/freewind-demos/swiftui-macos-carbon-global-hotkey-demo/SwiftUICarbonGlobalHotkeyDemo.xcodeproj
    builtin-create-build-directory /Volumes/SN550-2T/freewind-demos/swiftui-macos-carbon-global-hotkey-demo/build/out/DerivedData/Build/Intermediates.noindex/SwiftExplicitPrecompiledModules

CreateBuildDirectory /Volumes/SN550-2T/freewind-demos/swiftui-macos-carbon-global-hotkey-demo/build/out/DerivedData/Build/Intermediates.noindex/ExplicitPrecompiledModules
    cd /Volumes/SN550-2T/freewind-demos/swiftui-macos-carbon-global-hotkey-demo/SwiftUICarbonGlobalHotkeyDemo.xcodeproj
    builtin-create-build-directory /Volumes/SN550-2T/freewind-demos/swiftui-macos-carbon-global-hotkey-demo/build/out/DerivedData/Build/Intermediates.noindex/ExplicitPrecompiledModules

CreateBuildDirectory /Volumes/SN550-2T/freewind-demos/swiftui-macos-carbon-global-hotkey-demo/build/out/DerivedData/Build/Intermediates.noindex/EagerLinkingTBDs/Debug
    cd /Volumes/SN550-2T/freewind-demos/swiftui-macos-carbon-global-hotkey-demo/SwiftUICarbonGlobalHotkeyDemo.xcodeproj
    builtin-create-build-directory /Volumes/SN550-2T/freewind-demos/swiftui-macos-carbon-global-hotkey-demo/build/out/DerivedData/Build/Intermediates.noindex/EagerLinkingTBDs/Debug

WriteAuxiliaryFile /Volumes/SN550-2T/freewind-demos/swiftui-macos-carbon-global-hotkey-demo/build/out/DerivedData/Build/Intermediates.noindex/SwiftUICarbonGlobalHotkeyDemo.build/Debug/SwiftUICarbonGlobalHotkeyDemo-666edf4369c32babb9e8613ddd8a34d9-VFS/all-product-headers.yaml
    cd /Volumes/SN550-2T/freewind-demos/swiftui-macos-carbon-global-hotkey-demo/SwiftUICarbonGlobalHotkeyDemo.xcodeproj
    write-file /Volumes/SN550-2T/freewind-demos/swiftui-macos-carbon-global-hotkey-demo/build/out/DerivedData/Build/Intermediates.noindex/SwiftUICarbonGlobalHotkeyDemo.build/Debug/SwiftUICarbonGlobalHotkeyDemo-666edf4369c32babb9e8613ddd8a34d9-VFS/all-product-headers.yaml

WriteAuxiliaryFile /Volumes/SN550-2T/freewind-demos/swiftui-macos-carbon-global-hotkey-demo/build/out/DerivedData/Build/Intermediates.noindex/SwiftUICarbonGlobalHotkeyDemo.build/Debug/SwiftUICarbonGlobalHotkeyDemo.build/SwiftUICarbonGlobalHotkeyDemo-own-target-headers.hmap (in target 'SwiftUICarbonGlobalHotkeyDemo' from project 'SwiftUICarbonGlobalHotkeyDemo')
    cd /Volumes/SN550-2T/freewind-demos/swiftui-macos-carbon-global-hotkey-demo
    write-file /Volumes/SN550-2T/freewind-demos/swiftui-macos-carbon-global-hotkey-demo/build/out/DerivedData/Build/Intermediates.noindex/SwiftUICarbonGlobalHotkeyDemo.build/Debug/SwiftUICarbonGlobalHotkeyDemo.build/SwiftUICarbonGlobalHotkeyDemo-own-target-headers.hmap

WriteAuxiliaryFile /Volumes/SN550-2T/freewind-demos/swiftui-macos-carbon-global-hotkey-demo/build/out/DerivedData/Build/Intermediates.noindex/SwiftUICarbonGlobalHotkeyDemo.build/Debug/SwiftUICarbonGlobalHotkeyDemo.build/SwiftUICarbonGlobalHotkeyDemo.hmap (in target 'SwiftUICarbonGlobalHotkeyDemo' from project 'SwiftUICarbonGlobalHotkeyDemo')
    cd /Volumes/SN550-2T/freewind-demos/swiftui-macos-carbon-global-hotkey-demo
    write-file /Volumes/SN550-2T/freewind-demos/swiftui-macos-carbon-global-hotkey-demo/build/out/DerivedData/Build/Intermediates.noindex/SwiftUICarbonGlobalHotkeyDemo.build/Debug/SwiftUICarbonGlobalHotkeyDemo.build/SwiftUICarbonGlobalHotkeyDemo.hmap

WriteAuxiliaryFile /Volumes/SN550-2T/freewind-demos/swiftui-macos-carbon-global-hotkey-demo/build/out/DerivedData/Build/Intermediates.noindex/SwiftUICarbonGlobalHotkeyDemo.build/Debug/SwiftUICarbonGlobalHotkeyDemo.build/SwiftUICarbonGlobalHotkeyDemo-project-headers.hmap (in target 'SwiftUICarbonGlobalHotkeyDemo' from project 'SwiftUICarbonGlobalHotkeyDemo')
    cd /Volumes/SN550-2T/freewind-demos/swiftui-macos-carbon-global-hotkey-demo
    write-file /Volumes/SN550-2T/freewind-demos/swiftui-macos-carbon-global-hotkey-demo/build/out/DerivedData/Build/Intermediates.noindex/SwiftUICarbonGlobalHotkeyDemo.build/Debug/SwiftUICarbonGlobalHotkeyDemo.build/SwiftUICarbonGlobalHotkeyDemo-project-headers.hmap

WriteAuxiliaryFile /Volumes/SN550-2T/freewind-demos/swiftui-macos-carbon-global-hotkey-demo/build/out/DerivedData/Build/Intermediates.noindex/SwiftUICarbonGlobalHotkeyDemo.build/Debug/SwiftUICarbonGlobalHotkeyDemo.build/SwiftUICarbonGlobalHotkeyDemo-generated-files.hmap (in target 'SwiftUICarbonGlobalHotkeyDemo' from project 'SwiftUICarbonGlobalHotkeyDemo')
    cd /Volumes/SN550-2T/freewind-demos/swiftui-macos-carbon-global-hotkey-demo
    write-file /Volumes/SN550-2T/freewind-demos/swiftui-macos-carbon-global-hotkey-demo/build/out/DerivedData/Build/Intermediates.noindex/SwiftUICarbonGlobalHotkeyDemo.build/Debug/SwiftUICarbonGlobalHotkeyDemo.build/SwiftUICarbonGlobalHotkeyDemo-generated-files.hmap

WriteAuxiliaryFile /Volumes/SN550-2T/freewind-demos/swiftui-macos-carbon-global-hotkey-demo/build/out/DerivedData/Build/Intermediates.noindex/SwiftUICarbonGlobalHotkeyDemo.build/Debug/SwiftUICarbonGlobalHotkeyDemo.build/SwiftUICarbonGlobalHotkeyDemo.DependencyMetadataFileList (in target 'SwiftUICarbonGlobalHotkeyDemo' from project 'SwiftUICarbonGlobalHotkeyDemo')
    cd /Volumes/SN550-2T/freewind-demos/swiftui-macos-carbon-global-hotkey-demo
    write-file /Volumes/SN550-2T/freewind-demos/swiftui-macos-carbon-global-hotkey-demo/build/out/DerivedData/Build/Intermediates.noindex/SwiftUICarbonGlobalHotkeyDemo.build/Debug/SwiftUICarbonGlobalHotkeyDemo.build/SwiftUICarbonGlobalHotkeyDemo.DependencyMetadataFileList

WriteAuxiliaryFile /Volumes/SN550-2T/freewind-demos/swiftui-macos-carbon-global-hotkey-demo/build/out/DerivedData/Build/Intermediates.noindex/SwiftUICarbonGlobalHotkeyDemo.build/Debug/SwiftUICarbonGlobalHotkeyDemo.build/SwiftUICarbonGlobalHotkeyDemo-all-target-headers.hmap (in target 'SwiftUICarbonGlobalHotkeyDemo' from project 'SwiftUICarbonGlobalHotkeyDemo')
    cd /Volumes/SN550-2T/freewind-demos/swiftui-macos-carbon-global-hotkey-demo
    write-file /Volumes/SN550-2T/freewind-demos/swiftui-macos-carbon-global-hotkey-demo/build/out/DerivedData/Build/Intermediates.noindex/SwiftUICarbonGlobalHotkeyDemo.build/Debug/SwiftUICarbonGlobalHotkeyDemo.build/SwiftUICarbonGlobalHotkeyDemo-all-target-headers.hmap

WriteAuxiliaryFile /Volumes/SN550-2T/freewind-demos/swiftui-macos-carbon-global-hotkey-demo/build/out/DerivedData/Build/Intermediates.noindex/SwiftUICarbonGlobalHotkeyDemo.build/Debug/SwiftUICarbonGlobalHotkeyDemo.build/SwiftUICarbonGlobalHotkeyDemo-DebugDylibInstallName-normal-x86_64.txt (in target 'SwiftUICarbonGlobalHotkeyDemo' from project 'SwiftUICarbonGlobalHotkeyDemo')
    cd /Volumes/SN550-2T/freewind-demos/swiftui-macos-carbon-global-hotkey-demo
    write-file /Volumes/SN550-2T/freewind-demos/swiftui-macos-carbon-global-hotkey-demo/build/out/DerivedData/Build/Intermediates.noindex/SwiftUICarbonGlobalHotkeyDemo.build/Debug/SwiftUICarbonGlobalHotkeyDemo.build/SwiftUICarbonGlobalHotkeyDemo-DebugDylibInstallName-normal-x86_64.txt

WriteAuxiliaryFile /Volumes/SN550-2T/freewind-demos/swiftui-macos-carbon-global-hotkey-demo/build/out/DerivedData/Build/Intermediates.noindex/SwiftUICarbonGlobalHotkeyDemo.build/Debug/SwiftUICarbonGlobalHotkeyDemo.build/SwiftUICarbonGlobalHotkeyDemo-all-non-framework-target-headers.hmap (in target 'SwiftUICarbonGlobalHotkeyDemo' from project 'SwiftUICarbonGlobalHotkeyDemo')
    cd /Volumes/SN550-2T/freewind-demos/swiftui-macos-carbon-global-hotkey-demo
    write-file /Volumes/SN550-2T/freewind-demos/swiftui-macos-carbon-global-hotkey-demo/build/out/DerivedData/Build/Intermediates.noindex/SwiftUICarbonGlobalHotkeyDemo.build/Debug/SwiftUICarbonGlobalHotkeyDemo.build/SwiftUICarbonGlobalHotkeyDemo-all-non-framework-target-headers.hmap

WriteAuxiliaryFile /Volumes/SN550-2T/freewind-demos/swiftui-macos-carbon-global-hotkey-demo/build/out/DerivedData/Build/Intermediates.noindex/SwiftUICarbonGlobalHotkeyDemo.build/Debug/SwiftUICarbonGlobalHotkeyDemo.build/SwiftUICarbonGlobalHotkeyDemo.DependencyStaticMetadataFileList (in target 'SwiftUICarbonGlobalHotkeyDemo' from project 'SwiftUICarbonGlobalHotkeyDemo')
    cd /Volumes/SN550-2T/freewind-demos/swiftui-macos-carbon-global-hotkey-demo
    write-file /Volumes/SN550-2T/freewind-demos/swiftui-macos-carbon-global-hotkey-demo/build/out/DerivedData/Build/Intermediates.noindex/SwiftUICarbonGlobalHotkeyDemo.build/Debug/SwiftUICarbonGlobalHotkeyDemo.build/SwiftUICarbonGlobalHotkeyDemo.DependencyStaticMetadataFileList

WriteAuxiliaryFile /Volumes/SN550-2T/freewind-demos/swiftui-macos-carbon-global-hotkey-demo/build/out/DerivedData/Build/Intermediates.noindex/SwiftUICarbonGlobalHotkeyDemo.build/Debug/SwiftUICarbonGlobalHotkeyDemo.build/SwiftUICarbonGlobalHotkeyDemo-DebugDylibPath-normal-x86_64.txt (in target 'SwiftUICarbonGlobalHotkeyDemo' from project 'SwiftUICarbonGlobalHotkeyDemo')
    cd /Volumes/SN550-2T/freewind-demos/swiftui-macos-carbon-global-hotkey-demo
    write-file /Volumes/SN550-2T/freewind-demos/swiftui-macos-carbon-global-hotkey-demo/build/out/DerivedData/Build/Intermediates.noindex/SwiftUICarbonGlobalHotkeyDemo.build/Debug/SwiftUICarbonGlobalHotkeyDemo.build/SwiftUICarbonGlobalHotkeyDemo-DebugDylibPath-normal-x86_64.txt

WriteAuxiliaryFile /Volumes/SN550-2T/freewind-demos/swiftui-macos-carbon-global-hotkey-demo/build/out/DerivedData/Build/Intermediates.noindex/SwiftUICarbonGlobalHotkeyDemo.build/Debug/SwiftUICarbonGlobalHotkeyDemo.build/Objects-normal/x86_64/SwiftUICarbonGlobalHotkeyDemo_const_extract_protocols.json (in target 'SwiftUICarbonGlobalHotkeyDemo' from project 'SwiftUICarbonGlobalHotkeyDemo')
    cd /Volumes/SN550-2T/freewind-demos/swiftui-macos-carbon-global-hotkey-demo
    write-file /Volumes/SN550-2T/freewind-demos/swiftui-macos-carbon-global-hotkey-demo/build/out/DerivedData/Build/Intermediates.noindex/SwiftUICarbonGlobalHotkeyDemo.build/Debug/SwiftUICarbonGlobalHotkeyDemo.build/Objects-normal/x86_64/SwiftUICarbonGlobalHotkeyDemo_const_extract_protocols.json

WriteAuxiliaryFile /Volumes/SN550-2T/freewind-demos/swiftui-macos-carbon-global-hotkey-demo/build/out/DerivedData/Build/Intermediates.noindex/SwiftUICarbonGlobalHotkeyDemo.build/Debug/SwiftUICarbonGlobalHotkeyDemo.build/Objects-normal/x86_64/SwiftUICarbonGlobalHotkeyDemo.SwiftFileList (in target 'SwiftUICarbonGlobalHotkeyDemo' from project 'SwiftUICarbonGlobalHotkeyDemo')
    cd /Volumes/SN550-2T/freewind-demos/swiftui-macos-carbon-global-hotkey-demo
    write-file /Volumes/SN550-2T/freewind-demos/swiftui-macos-carbon-global-hotkey-demo/build/out/DerivedData/Build/Intermediates.noindex/SwiftUICarbonGlobalHotkeyDemo.build/Debug/SwiftUICarbonGlobalHotkeyDemo.build/Objects-normal/x86_64/SwiftUICarbonGlobalHotkeyDemo.SwiftFileList

WriteAuxiliaryFile /Volumes/SN550-2T/freewind-demos/swiftui-macos-carbon-global-hotkey-demo/build/out/DerivedData/Build/Intermediates.noindex/SwiftUICarbonGlobalHotkeyDemo.build/Debug/SwiftUICarbonGlobalHotkeyDemo.build/Objects-normal/x86_64/SwiftUICarbonGlobalHotkeyDemo.SwiftConstValuesFileList (in target 'SwiftUICarbonGlobalHotkeyDemo' from project 'SwiftUICarbonGlobalHotkeyDemo')
    cd /Volumes/SN550-2T/freewind-demos/swiftui-macos-carbon-global-hotkey-demo
    write-file /Volumes/SN550-2T/freewind-demos/swiftui-macos-carbon-global-hotkey-demo/build/out/DerivedData/Build/Intermediates.noindex/SwiftUICarbonGlobalHotkeyDemo.build/Debug/SwiftUICarbonGlobalHotkeyDemo.build/Objects-normal/x86_64/SwiftUICarbonGlobalHotkeyDemo.SwiftConstValuesFileList

WriteAuxiliaryFile /Volumes/SN550-2T/freewind-demos/swiftui-macos-carbon-global-hotkey-demo/build/out/DerivedData/Build/Intermediates.noindex/SwiftUICarbonGlobalHotkeyDemo.build/Debug/SwiftUICarbonGlobalHotkeyDemo.build/Objects-normal/x86_64/SwiftUICarbonGlobalHotkeyDemo-OutputFileMap.json (in target 'SwiftUICarbonGlobalHotkeyDemo' from project 'SwiftUICarbonGlobalHotkeyDemo')
    cd /Volumes/SN550-2T/freewind-demos/swiftui-macos-carbon-global-hotkey-demo
    write-file /Volumes/SN550-2T/freewind-demos/swiftui-macos-carbon-global-hotkey-demo/build/out/DerivedData/Build/Intermediates.noindex/SwiftUICarbonGlobalHotkeyDemo.build/Debug/SwiftUICarbonGlobalHotkeyDemo.build/Objects-normal/x86_64/SwiftUICarbonGlobalHotkeyDemo-OutputFileMap.json

WriteAuxiliaryFile /Volumes/SN550-2T/freewind-demos/swiftui-macos-carbon-global-hotkey-demo/build/out/DerivedData/Build/Intermediates.noindex/SwiftUICarbonGlobalHotkeyDemo.build/Debug/SwiftUICarbonGlobalHotkeyDemo.build/Objects-normal/x86_64/SwiftUICarbonGlobalHotkeyDemo.LinkFileList (in target 'SwiftUICarbonGlobalHotkeyDemo' from project 'SwiftUICarbonGlobalHotkeyDemo')
    cd /Volumes/SN550-2T/freewind-demos/swiftui-macos-carbon-global-hotkey-demo
    write-file /Volumes/SN550-2T/freewind-demos/swiftui-macos-carbon-global-hotkey-demo/build/out/DerivedData/Build/Intermediates.noindex/SwiftUICarbonGlobalHotkeyDemo.build/Debug/SwiftUICarbonGlobalHotkeyDemo.build/Objects-normal/x86_64/SwiftUICarbonGlobalHotkeyDemo.LinkFileList

WriteAuxiliaryFile /Volumes/SN550-2T/freewind-demos/swiftui-macos-carbon-global-hotkey-demo/build/out/DerivedData/Build/Intermediates.noindex/SwiftUICarbonGlobalHotkeyDemo.build/Debug/SwiftUICarbonGlobalHotkeyDemo.build/DerivedSources/Entitlements.plist (in target 'SwiftUICarbonGlobalHotkeyDemo' from project 'SwiftUICarbonGlobalHotkeyDemo')
    cd /Volumes/SN550-2T/freewind-demos/swiftui-macos-carbon-global-hotkey-demo
    write-file /Volumes/SN550-2T/freewind-demos/swiftui-macos-carbon-global-hotkey-demo/build/out/DerivedData/Build/Intermediates.noindex/SwiftUICarbonGlobalHotkeyDemo.build/Debug/SwiftUICarbonGlobalHotkeyDemo.build/DerivedSources/Entitlements.plist

MkDir /Volumes/SN550-2T/freewind-demos/swiftui-macos-carbon-global-hotkey-demo/build/out/Debug/SwiftUICarbonGlobalHotkeyDemo.app/Contents/MacOS (in target 'SwiftUICarbonGlobalHotkeyDemo' from project 'SwiftUICarbonGlobalHotkeyDemo')
    cd /Volumes/SN550-2T/freewind-demos/swiftui-macos-carbon-global-hotkey-demo
    /bin/mkdir -p /Volumes/SN550-2T/freewind-demos/swiftui-macos-carbon-global-hotkey-demo/build/out/Debug/SwiftUICarbonGlobalHotkeyDemo.app/Contents/MacOS

MkDir /Volumes/SN550-2T/freewind-demos/swiftui-macos-carbon-global-hotkey-demo/build/out/Debug/SwiftUICarbonGlobalHotkeyDemo.app/Contents (in target 'SwiftUICarbonGlobalHotkeyDemo' from project 'SwiftUICarbonGlobalHotkeyDemo')
    cd /Volumes/SN550-2T/freewind-demos/swiftui-macos-carbon-global-hotkey-demo
    /bin/mkdir -p /Volumes/SN550-2T/freewind-demos/swiftui-macos-carbon-global-hotkey-demo/build/out/Debug/SwiftUICarbonGlobalHotkeyDemo.app/Contents

MkDir /Volumes/SN550-2T/freewind-demos/swiftui-macos-carbon-global-hotkey-demo/build/out/Debug/SwiftUICarbonGlobalHotkeyDemo.app (in target 'SwiftUICarbonGlobalHotkeyDemo' from project 'SwiftUICarbonGlobalHotkeyDemo')
    cd /Volumes/SN550-2T/freewind-demos/swiftui-macos-carbon-global-hotkey-demo
    /bin/mkdir -p /Volumes/SN550-2T/freewind-demos/swiftui-macos-carbon-global-hotkey-demo/build/out/Debug/SwiftUICarbonGlobalHotkeyDemo.app

ProcessProductPackaging "" /Volumes/SN550-2T/freewind-demos/swiftui-macos-carbon-global-hotkey-demo/build/out/DerivedData/Build/Intermediates.noindex/SwiftUICarbonGlobalHotkeyDemo.build/Debug/SwiftUICarbonGlobalHotkeyDemo.build/SwiftUICarbonGlobalHotkeyDemo.app.xcent (in target 'SwiftUICarbonGlobalHotkeyDemo' from project 'SwiftUICarbonGlobalHotkeyDemo')
    cd /Volumes/SN550-2T/freewind-demos/swiftui-macos-carbon-global-hotkey-demo
    
    Entitlements:
    
    {
    "com.apple.security.get-task-allow" = 1;
}
    
    builtin-productPackagingUtility -entitlements -format xml -o /Volumes/SN550-2T/freewind-demos/swiftui-macos-carbon-global-hotkey-demo/build/out/DerivedData/Build/Intermediates.noindex/SwiftUICarbonGlobalHotkeyDemo.build/Debug/SwiftUICarbonGlobalHotkeyDemo.build/SwiftUICarbonGlobalHotkeyDemo.app.xcent

ProcessProductPackagingDER /Volumes/SN550-2T/freewind-demos/swiftui-macos-carbon-global-hotkey-demo/build/out/DerivedData/Build/Intermediates.noindex/SwiftUICarbonGlobalHotkeyDemo.build/Debug/SwiftUICarbonGlobalHotkeyDemo.build/SwiftUICarbonGlobalHotkeyDemo.app.xcent /Volumes/SN550-2T/freewind-demos/swiftui-macos-carbon-global-hotkey-demo/build/out/DerivedData/Build/Intermediates.noindex/SwiftUICarbonGlobalHotkeyDemo.build/Debug/SwiftUICarbonGlobalHotkeyDemo.build/SwiftUICarbonGlobalHotkeyDemo.app.xcent.der (in target 'SwiftUICarbonGlobalHotkeyDemo' from project 'SwiftUICarbonGlobalHotkeyDemo')
    cd /Volumes/SN550-2T/freewind-demos/swiftui-macos-carbon-global-hotkey-demo
    /usr/bin/derq query -f xml -i /Volumes/SN550-2T/freewind-demos/swiftui-macos-carbon-global-hotkey-demo/build/out/DerivedData/Build/Intermediates.noindex/SwiftUICarbonGlobalHotkeyDemo.build/Debug/SwiftUICarbonGlobalHotkeyDemo.build/SwiftUICarbonGlobalHotkeyDemo.app.xcent -o /Volumes/SN550-2T/freewind-demos/swiftui-macos-carbon-global-hotkey-demo/build/out/DerivedData/Build/Intermediates.noindex/SwiftUICarbonGlobalHotkeyDemo.build/Debug/SwiftUICarbonGlobalHotkeyDemo.build/SwiftUICarbonGlobalHotkeyDemo.app.xcent.der --raw

Ld /Volumes/SN550-2T/freewind-demos/swiftui-macos-carbon-global-hotkey-demo/build/out/Debug/SwiftUICarbonGlobalHotkeyDemo.app/Contents/MacOS/__preview.dylib normal (in target 'SwiftUICarbonGlobalHotkeyDemo' from project 'SwiftUICarbonGlobalHotkeyDemo')
    cd /Volumes/SN550-2T/freewind-demos/swiftui-macos-carbon-global-hotkey-demo
    /Applications/Xcode.app/Contents/Developer/Toolchains/XcodeDefault.xctoolchain/usr/bin/clang -Xlinker -reproducible -target x86_64-apple-macos14.0 -dynamiclib -isysroot /Applications/Xcode.app/Contents/Developer/Platforms/MacOSX.platform/Developer/SDKs/MacOSX26.2.sdk -O0 -L/Volumes/SN550-2T/freewind-demos/swiftui-macos-carbon-global-hotkey-demo/build/out/Debug -F/Volumes/SN550-2T/freewind-demos/swiftui-macos-carbon-global-hotkey-demo/build/out/Debug -install_name @rpath/SwiftUICarbonGlobalHotkeyDemo.debug.dylib -rdynamic -Xlinker -no_deduplicate -Xlinker -dependency_info -Xlinker /Volumes/SN550-2T/freewind-demos/swiftui-macos-carbon-global-hotkey-demo/build/out/DerivedData/Build/Intermediates.noindex/SwiftUICarbonGlobalHotkeyDemo.build/Debug/SwiftUICarbonGlobalHotkeyDemo.build/Objects-normal/x86_64/SwiftUICarbonGlobalHotkeyDemo_dependency_info.dat -Xlinker -no_adhoc_codesign -o /Volumes/SN550-2T/freewind-demos/swiftui-macos-carbon-global-hotkey-demo/build/out/Debug/SwiftUICarbonGlobalHotkeyDemo.app/Contents/MacOS/__preview.dylib

ProcessInfoPlistFile /Volumes/SN550-2T/freewind-demos/swiftui-macos-carbon-global-hotkey-demo/build/out/Debug/SwiftUICarbonGlobalHotkeyDemo.app/Contents/Info.plist /Volumes/SN550-2T/freewind-demos/swiftui-macos-carbon-global-hotkey-demo/Sources/Info.plist (in target 'SwiftUICarbonGlobalHotkeyDemo' from project 'SwiftUICarbonGlobalHotkeyDemo')
    cd /Volumes/SN550-2T/freewind-demos/swiftui-macos-carbon-global-hotkey-demo
    builtin-infoPlistUtility /Volumes/SN550-2T/freewind-demos/swiftui-macos-carbon-global-hotkey-demo/Sources/Info.plist -producttype com.apple.product-type.application -genpkginfo /Volumes/SN550-2T/freewind-demos/swiftui-macos-carbon-global-hotkey-demo/build/out/Debug/SwiftUICarbonGlobalHotkeyDemo.app/Contents/PkgInfo -expandbuildsettings -platform macosx -o /Volumes/SN550-2T/freewind-demos/swiftui-macos-carbon-global-hotkey-demo/build/out/Debug/SwiftUICarbonGlobalHotkeyDemo.app/Contents/Info.plist

SwiftDriver SwiftUICarbonGlobalHotkeyDemo normal x86_64 com.apple.xcode.tools.swift.compiler (in target 'SwiftUICarbonGlobalHotkeyDemo' from project 'SwiftUICarbonGlobalHotkeyDemo')
    cd /Volumes/SN550-2T/freewind-demos/swiftui-macos-carbon-global-hotkey-demo
    builtin-SwiftDriver -- /Applications/Xcode.app/Contents/Developer/Toolchains/XcodeDefault.xctoolchain/usr/bin/swiftc -module-name SwiftUICarbonGlobalHotkeyDemo -Onone -enforce-exclusivity\=checked @/Volumes/SN550-2T/freewind-demos/swiftui-macos-carbon-global-hotkey-demo/build/out/DerivedData/Build/Intermediates.noindex/SwiftUICarbonGlobalHotkeyDemo.build/Debug/SwiftUICarbonGlobalHotkeyDemo.build/Objects-normal/x86_64/SwiftUICarbonGlobalHotkeyDemo.SwiftFileList -DDEBUG -enable-bare-slash-regex -enable-experimental-feature DebugDescriptionMacro -sdk /Applications/Xcode.app/Contents/Developer/Platforms/MacOSX.platform/Developer/SDKs/MacOSX26.2.sdk -target x86_64-apple-macos14.0 -g -module-cache-path /Volumes/SN550-2T/freewind-demos/swiftui-macos-carbon-global-hotkey-demo/build/out/DerivedData/ModuleCache.noindex -Xfrontend -serialize-debugging-options -enable-testing -index-store-path /Volumes/SN550-2T/freewind-demos/swiftui-macos-carbon-global-hotkey-demo/build/out/DerivedData/Index.noindex/DataStore -Xcc -D_LIBCPP_HARDENING_MODE\=_LIBCPP_HARDENING_MODE_DEBUG -swift-version 5 -I /Volumes/SN550-2T/freewind-demos/swiftui-macos-carbon-global-hotkey-demo/build/out/Debug -F /Volumes/SN550-2T/freewind-demos/swiftui-macos-carbon-global-hotkey-demo/build/out/Debug -c -j12 -enable-batch-mode -incremental -Xcc -ivfsstatcache -Xcc /Volumes/SN550-2T/freewind-demos/swiftui-macos-carbon-global-hotkey-demo/build/out/DerivedData/SDKStatCaches.noindex/macosx26.2-25C58-00fa09913b459cbbc988d1f6730289ae.sdkstatcache -output-file-map /Volumes/SN550-2T/freewind-demos/swiftui-macos-carbon-global-hotkey-demo/build/out/DerivedData/Build/Intermediates.noindex/SwiftUICarbonGlobalHotkeyDemo.build/Debug/SwiftUICarbonGlobalHotkeyDemo.build/Objects-normal/x86_64/SwiftUICarbonGlobalHotkeyDemo-OutputFileMap.json -use-frontend-parseable-output -save-temps -no-color-diagnostics -explicit-module-build -module-cache-path /Volumes/SN550-2T/freewind-demos/swiftui-macos-carbon-global-hotkey-demo/build/out/DerivedData/Build/Intermediates.noindex/SwiftExplicitPrecompiledModules -clang-scanner-module-cache-path /Volumes/SN550-2T/freewind-demos/swiftui-macos-carbon-global-hotkey-demo/build/out/DerivedData/ModuleCache.noindex -sdk-module-cache-path /Volumes/SN550-2T/freewind-demos/swiftui-macos-carbon-global-hotkey-demo/build/out/DerivedData/ModuleCache.noindex -serialize-diagnostics -emit-dependencies -emit-module -emit-module-path /Volumes/SN550-2T/freewind-demos/swiftui-macos-carbon-global-hotkey-demo/build/out/DerivedData/Build/Intermediates.noindex/SwiftUICarbonGlobalHotkeyDemo.build/Debug/SwiftUICarbonGlobalHotkeyDemo.build/Objects-normal/x86_64/SwiftUICarbonGlobalHotkeyDemo.swiftmodule -validate-clang-modules-once -clang-build-session-file /Volumes/SN550-2T/freewind-demos/swiftui-macos-carbon-global-hotkey-demo/build/out/DerivedData/ModuleCache.noindex/Session.modulevalidation -Xcc -I/Volumes/SN550-2T/freewind-demos/swiftui-macos-carbon-global-hotkey-demo/build/out/DerivedData/Build/Intermediates.noindex/SwiftUICarbonGlobalHotkeyDemo.build/Debug/SwiftUICarbonGlobalHotkeyDemo.build/swift-overrides.hmap -emit-const-values -Xfrontend -const-gather-protocols-file -Xfrontend /Volumes/SN550-2T/freewind-demos/swiftui-macos-carbon-global-hotkey-demo/build/out/DerivedData/Build/Intermediates.noindex/SwiftUICarbonGlobalHotkeyDemo.build/Debug/SwiftUICarbonGlobalHotkeyDemo.build/Objects-normal/x86_64/SwiftUICarbonGlobalHotkeyDemo_const_extract_protocols.json -Xcc -iquote -Xcc /Volumes/SN550-2T/freewind-demos/swiftui-macos-carbon-global-hotkey-demo/build/out/DerivedData/Build/Intermediates.noindex/SwiftUICarbonGlobalHotkeyDemo.build/Debug/SwiftUICarbonGlobalHotkeyDemo.build/SwiftUICarbonGlobalHotkeyDemo-generated-files.hmap -Xcc -I/Volumes/SN550-2T/freewind-demos/swiftui-macos-carbon-global-hotkey-demo/build/out/DerivedData/Build/Intermediates.noindex/SwiftUICarbonGlobalHotkeyDemo.build/Debug/SwiftUICarbonGlobalHotkeyDemo.build/SwiftUICarbonGlobalHotkeyDemo-own-target-headers.hmap -Xcc -I/Volumes/SN550-2T/freewind-demos/swiftui-macos-carbon-global-hotkey-demo/build/out/DerivedData/Build/Intermediates.noindex/SwiftUICarbonGlobalHotkeyDemo.build/Debug/SwiftUICarbonGlobalHotkeyDemo.build/SwiftUICarbonGlobalHotkeyDemo-all-target-headers.hmap -Xcc -iquote -Xcc /Volumes/SN550-2T/freewind-demos/swiftui-macos-carbon-global-hotkey-demo/build/out/DerivedData/Build/Intermediates.noindex/SwiftUICarbonGlobalHotkeyDemo.build/Debug/SwiftUICarbonGlobalHotkeyDemo.build/SwiftUICarbonGlobalHotkeyDemo-project-headers.hmap -Xcc -I/Volumes/SN550-2T/freewind-demos/swiftui-macos-carbon-global-hotkey-demo/build/out/Debug/include -Xcc -I/Volumes/SN550-2T/freewind-demos/swiftui-macos-carbon-global-hotkey-demo/build/out/DerivedData/Build/Intermediates.noindex/SwiftUICarbonGlobalHotkeyDemo.build/Debug/SwiftUICarbonGlobalHotkeyDemo.build/DerivedSources-normal/x86_64 -Xcc -I/Volumes/SN550-2T/freewind-demos/swiftui-macos-carbon-global-hotkey-demo/build/out/DerivedData/Build/Intermediates.noindex/SwiftUICarbonGlobalHotkeyDemo.build/Debug/SwiftUICarbonGlobalHotkeyDemo.build/DerivedSources/x86_64 -Xcc -I/Volumes/SN550-2T/freewind-demos/swiftui-macos-carbon-global-hotkey-demo/build/out/DerivedData/Build/Intermediates.noindex/SwiftUICarbonGlobalHotkeyDemo.build/Debug/SwiftUICarbonGlobalHotkeyDemo.build/DerivedSources -Xcc -DDEBUG\=1 -emit-objc-header -emit-objc-header-path /Volumes/SN550-2T/freewind-demos/swiftui-macos-carbon-global-hotkey-demo/build/out/DerivedData/Build/Intermediates.noindex/SwiftUICarbonGlobalHotkeyDemo.build/Debug/SwiftUICarbonGlobalHotkeyDemo.build/Objects-normal/x86_64/SwiftUICarbonGlobalHotkeyDemo-Swift.h -working-directory /Volumes/SN550-2T/freewind-demos/swiftui-macos-carbon-global-hotkey-demo -experimental-emit-module-separately -disable-cmo

SwiftExplicitDependencyGeneratePcm x86_64 /Volumes/SN550-2T/freewind-demos/swiftui-macos-carbon-global-hotkey-demo/build/out/DerivedData/ModuleCache.noindex/_SwiftConcurrencyShims-EEB4OK5Q3MWK55IY6FNZELSX7.pcm

SwiftExplicitDependencyGeneratePcm x86_64 /Volumes/SN550-2T/freewind-demos/swiftui-macos-carbon-global-hotkey-demo/build/out/DerivedData/ModuleCache.noindex/ptrauth-EQ6LN1U9XY6JDA8NKZRWPLQVZ.pcm

SwiftExplicitDependencyGeneratePcm x86_64 /Volumes/SN550-2T/freewind-demos/swiftui-macos-carbon-global-hotkey-demo/build/out/DerivedData/ModuleCache.noindex/SwiftShims-DBKBDR76ZUG3LFD99S1Q739UW.pcm

SwiftExplicitDependencyGeneratePcm x86_64 /Volumes/SN550-2T/freewind-demos/swiftui-macos-carbon-global-hotkey-demo/build/out/DerivedData/ModuleCache.noindex/ptrcheck-DDTCDTZT9G3S4LDDGJ1183ZTF.pcm

SwiftExplicitDependencyGeneratePcm x86_64 /Volumes/SN550-2T/freewind-demos/swiftui-macos-carbon-global-hotkey-demo/build/out/DerivedData/ModuleCache.noindex/_Builtin_stddef-D9EG542G7UOTW8FNYQVH1PTRQ.pcm

SwiftExplicitDependencyGeneratePcm x86_64 /Volumes/SN550-2T/freewind-demos/swiftui-macos-carbon-global-hotkey-demo/build/out/DerivedData/ModuleCache.noindex/_Builtin_stdbool-FX0QXUP5052BR3XSA0KD7QIS.pcm

SwiftExplicitDependencyGeneratePcm x86_64 /Volumes/SN550-2T/freewind-demos/swiftui-macos-carbon-global-hotkey-demo/build/out/DerivedData/ModuleCache.noindex/_Builtin_stdarg-2SDGD81HZM0WS8171LK99WGKT.pcm

SwiftExplicitDependencyGeneratePcm x86_64 /Volumes/SN550-2T/freewind-demos/swiftui-macos-carbon-global-hotkey-demo/build/out/DerivedData/ModuleCache.noindex/_AvailabilityInternal-1D1URK0OSU7IT12WB4E81EZLR.pcm

SwiftExplicitDependencyGeneratePcm x86_64 /Volumes/SN550-2T/freewind-demos/swiftui-macos-carbon-global-hotkey-demo/build/out/DerivedData/ModuleCache.noindex/_Builtin_float-DS69JUZX5BX25UNB101V15ERI.pcm

SwiftExplicitDependencyGeneratePcm x86_64 /Volumes/SN550-2T/freewind-demos/swiftui-macos-carbon-global-hotkey-demo/build/out/DerivedData/ModuleCache.noindex/DeveloperToolsSupport-BLJ21S40T0T10TDK9TPYH4K7R.pcm

SwiftExplicitDependencyGeneratePcm x86_64 /Volumes/SN550-2T/freewind-demos/swiftui-macos-carbon-global-hotkey-demo/build/out/DerivedData/ModuleCache.noindex/_DarwinFoundation1-5RSM76M6WH7OWQ6WF6A5O4163.pcm

SwiftExplicitDependencyGeneratePcm x86_64 /Volumes/SN550-2T/freewind-demos/swiftui-macos-carbon-global-hotkey-demo/build/out/DerivedData/ModuleCache.noindex/_Builtin_limits-CUKJ106K690CA1S42IQ7HOHCM.pcm

SwiftExplicitDependencyGeneratePcm x86_64 /Volumes/SN550-2T/freewind-demos/swiftui-macos-carbon-global-hotkey-demo/build/out/DerivedData/ModuleCache.noindex/_DarwinFoundation2-107M8G6Z2K1HQYFXK3JW3EPLV.pcm

SwiftExplicitDependencyGeneratePcm x86_64 /Volumes/SN550-2T/freewind-demos/swiftui-macos-carbon-global-hotkey-demo/build/out/DerivedData/ModuleCache.noindex/sys_types-BSQ2274U8CINFP6ORGMQKCFRL.pcm

SwiftExplicitDependencyGeneratePcm x86_64 /Volumes/SN550-2T/freewind-demos/swiftui-macos-carbon-global-hotkey-demo/build/out/DerivedData/ModuleCache.noindex/_Builtin_tgmath-90PAVBOF9L54XOHWLAUELT0EM.pcm

SwiftExplicitDependencyGeneratePcm x86_64 /Volumes/SN550-2T/freewind-demos/swiftui-macos-carbon-global-hotkey-demo/build/out/DerivedData/ModuleCache.noindex/_Builtin_stdint-CYXOKFUA4VN9YM8N99TCP14XJ.pcm

SwiftExplicitDependencyGeneratePcm x86_64 /Volumes/SN550-2T/freewind-demos/swiftui-macos-carbon-global-hotkey-demo/build/out/DerivedData/ModuleCache.noindex/_Builtin_stdatomic-AI1AP3KV6VS4V72LXN9ALW12K.pcm

SwiftExplicitDependencyGeneratePcm x86_64 /Volumes/SN550-2T/freewind-demos/swiftui-macos-carbon-global-hotkey-demo/build/out/DerivedData/ModuleCache.noindex/libDER-EPY1EQEUW68F284BACKIRNIL1.pcm

SwiftExplicitDependencyGeneratePcm x86_64 /Volumes/SN550-2T/freewind-demos/swiftui-macos-carbon-global-hotkey-demo/build/out/DerivedData/ModuleCache.noindex/OpenGL-4NLGRIUUUJXZ0N5X51TGLCK65.pcm

SwiftExplicitDependencyGeneratePcm x86_64 /Volumes/SN550-2T/freewind-demos/swiftui-macos-carbon-global-hotkey-demo/build/out/DerivedData/ModuleCache.noindex/_DarwinFoundation3-DB2IHUIK3QUW8G3ZUTRC4BUGK.pcm

SwiftExplicitDependencyGeneratePcm x86_64 /Volumes/SN550-2T/freewind-demos/swiftui-macos-carbon-global-hotkey-demo/build/out/DerivedData/ModuleCache.noindex/_Builtin_intrinsics-4GKYTBOMYHRS6S139IXON1J6N.pcm

SwiftExplicitDependencyGeneratePcm x86_64 /Volumes/SN550-2T/freewind-demos/swiftui-macos-carbon-global-hotkey-demo/build/out/DerivedData/ModuleCache.noindex/_Builtin_inttypes-2EWO8TY7JYL75JTSJOTD5YN17.pcm

SwiftExplicitDependencyGeneratePcm x86_64 /Volumes/SN550-2T/freewind-demos/swiftui-macos-carbon-global-hotkey-demo/build/out/DerivedData/ModuleCache.noindex/Darwin-5E4VFSDOQOP34C1WSOUCCKMXF.pcm

SwiftExplicitDependencyGeneratePcm x86_64 /Volumes/SN550-2T/freewind-demos/swiftui-macos-carbon-global-hotkey-demo/build/out/DerivedData/ModuleCache.noindex/simd-8L3BQFMSGLDQOC00XUSZHIZUL.pcm

SwiftExplicitDependencyGeneratePcm x86_64 /Volumes/SN550-2T/freewind-demos/swiftui-macos-carbon-global-hotkey-demo/build/out/DerivedData/ModuleCache.noindex/libkern-3TAWXRZJ21XGCA7QY3J33KPVE.pcm

SwiftExplicitDependencyGeneratePcm x86_64 /Volumes/SN550-2T/freewind-demos/swiftui-macos-carbon-global-hotkey-demo/build/out/DerivedData/ModuleCache.noindex/MachO-50WN86NB2YI25HJG7VD622NZD.pcm

SwiftExplicitDependencyGeneratePcm x86_64 /Volumes/SN550-2T/freewind-demos/swiftui-macos-carbon-global-hotkey-demo/build/out/DerivedData/ModuleCache.noindex/CUPS-5HW049LIH8XQNW6UBDUYFYES9.pcm

SwiftExplicitDependencyGeneratePcm x86_64 /Volumes/SN550-2T/freewind-demos/swiftui-macos-carbon-global-hotkey-demo/build/out/DerivedData/ModuleCache.noindex/launch-8K9HNXFPOPH6Z4OZ530BA70WB.pcm

SwiftExplicitDependencyGeneratePcm x86_64 /Volumes/SN550-2T/freewind-demos/swiftui-macos-carbon-global-hotkey-demo/build/out/DerivedData/ModuleCache.noindex/ObjectiveC-71ZMP4ABUXX9VMC4PFHL1VVDL.pcm

SwiftExplicitDependencyGeneratePcm x86_64 /Volumes/SN550-2T/freewind-demos/swiftui-macos-carbon-global-hotkey-demo/build/out/DerivedData/ModuleCache.noindex/os_object-46DB5O5EXW4RAYGS83RP7VGY3.pcm

SwiftExplicitDependencyGeneratePcm x86_64 /Volumes/SN550-2T/freewind-demos/swiftui-macos-carbon-global-hotkey-demo/build/out/DerivedData/ModuleCache.noindex/os_workgroup-638EMH4Y6BS8T4O9H3DFQWC2J.pcm

SwiftExplicitDependencyGeneratePcm x86_64 /Volumes/SN550-2T/freewind-demos/swiftui-macos-carbon-global-hotkey-demo/build/out/DerivedData/ModuleCache.noindex/Dispatch-9KYA5TA1S7A8D0SRVZA6XKZUG.pcm

SwiftExplicitDependencyGeneratePcm x86_64 /Volumes/SN550-2T/freewind-demos/swiftui-macos-carbon-global-hotkey-demo/build/out/DerivedData/ModuleCache.noindex/XPC-47DKQ14MHUO4W7UW4WHVKY3BJ.pcm

SwiftExplicitDependencyGeneratePcm x86_64 /Volumes/SN550-2T/freewind-demos/swiftui-macos-carbon-global-hotkey-demo/build/out/DerivedData/ModuleCache.noindex/CoreFoundation-8X1PDH9U01V1P6FHQO855BVT8.pcm

SwiftExplicitDependencyGeneratePcm x86_64 /Volumes/SN550-2T/freewind-demos/swiftui-macos-carbon-global-hotkey-demo/build/out/DerivedData/ModuleCache.noindex/os-3IASTED9599S3VH1V2NKZA0FY.pcm

SwiftExplicitDependencyGeneratePcm x86_64 /Volumes/SN550-2T/freewind-demos/swiftui-macos-carbon-global-hotkey-demo/build/out/DerivedData/ModuleCache.noindex/IOKit-EFK8QDO3MSM6Y1Q5FKHD8ZBEN.pcm

SwiftExplicitDependencyGeneratePcm x86_64 /Volumes/SN550-2T/freewind-demos/swiftui-macos-carbon-global-hotkey-demo/build/out/DerivedData/ModuleCache.noindex/CFNetwork-1NGELFUJOEFQIOBNU0DS2WRBA.pcm

SwiftExplicitDependencyGeneratePcm x86_64 /Volumes/SN550-2T/freewind-demos/swiftui-macos-carbon-global-hotkey-demo/build/out/DerivedData/ModuleCache.noindex/ColorSync-869F8TXGONABTFXKGY1H8GDPE.pcm

SwiftExplicitDependencyGeneratePcm x86_64 /Volumes/SN550-2T/freewind-demos/swiftui-macos-carbon-global-hotkey-demo/build/out/DerivedData/ModuleCache.noindex/Security-9O259J3CXRXZY0MAHBWGUT458.pcm

SwiftExplicitDependencyGeneratePcm x86_64 /Volumes/SN550-2T/freewind-demos/swiftui-macos-carbon-global-hotkey-demo/build/out/DerivedData/ModuleCache.noindex/Spatial-CRM9V2TCF77BTH7OQL2BHWI0N.pcm

SwiftExplicitDependencyGeneratePcm x86_64 /Volumes/SN550-2T/freewind-demos/swiftui-macos-carbon-global-hotkey-demo/build/out/DerivedData/ModuleCache.noindex/CoreGraphics-A28LA13GLOAZXAYK4WXWMZEAJ.pcm

SwiftExplicitDependencyGeneratePcm x86_64 /Volumes/SN550-2T/freewind-demos/swiftui-macos-carbon-global-hotkey-demo/build/out/DerivedData/ModuleCache.noindex/DiskArbitration-BY57FBVUKHEZQZW6SDDHMCECR.pcm

SwiftExplicitDependencyGeneratePcm x86_64 /Volumes/SN550-2T/freewind-demos/swiftui-macos-carbon-global-hotkey-demo/build/out/DerivedData/ModuleCache.noindex/CoreServices-6SF1G8E5OFDL39CP095ZEV0MC.pcm

SwiftExplicitDependencyGeneratePcm x86_64 /Volumes/SN550-2T/freewind-demos/swiftui-macos-carbon-global-hotkey-demo/build/out/DerivedData/ModuleCache.noindex/ImageIO-DK04234LC0MNT9W3JLWJHHNM5.pcm

SwiftExplicitDependencyGeneratePcm x86_64 /Volumes/SN550-2T/freewind-demos/swiftui-macos-carbon-global-hotkey-demo/build/out/DerivedData/ModuleCache.noindex/CoreText-1XBA4DC402SO2VAAZ3ZQKXDRB.pcm

SwiftExplicitDependencyGeneratePcm x86_64 /Volumes/SN550-2T/freewind-demos/swiftui-macos-carbon-global-hotkey-demo/build/out/DerivedData/ModuleCache.noindex/Foundation-CTM6QCKH9P6LU8PODMV8D4XQE.pcm

SwiftExplicitDependencyGeneratePcm x86_64 /Volumes/SN550-2T/freewind-demos/swiftui-macos-carbon-global-hotkey-demo/build/out/DerivedData/ModuleCache.noindex/DataDetection-1K0DRTEL2IK8FOJ9M7GMK9QNT.pcm

SwiftExplicitDependencyGeneratePcm x86_64 /Volumes/SN550-2T/freewind-demos/swiftui-macos-carbon-global-hotkey-demo/build/out/DerivedData/ModuleCache.noindex/IOSurface-8YUWHF98JRJLB91B9MUUQMZFI.pcm

SwiftExplicitDependencyGeneratePcm x86_64 /Volumes/SN550-2T/freewind-demos/swiftui-macos-carbon-global-hotkey-demo/build/out/DerivedData/ModuleCache.noindex/CoreData-C2NKEGQ3T0WCR4JL5BIPJJ29S.pcm

SwiftExplicitDependencyGeneratePcm x86_64 /Volumes/SN550-2T/freewind-demos/swiftui-macos-carbon-global-hotkey-demo/build/out/DerivedData/ModuleCache.noindex/UniformTypeIdentifiers-48ISMTG8GX40S5QZVQB35QOJ2.pcm

SwiftExplicitDependencyGeneratePcm x86_64 /Volumes/SN550-2T/freewind-demos/swiftui-macos-carbon-global-hotkey-demo/build/out/DerivedData/ModuleCache.noindex/OSLog-2BI8STN4JRGJZ3GUPW9GMNZBO.pcm

SwiftExplicitDependencyGeneratePcm x86_64 /Volumes/SN550-2T/freewind-demos/swiftui-macos-carbon-global-hotkey-demo/build/out/DerivedData/ModuleCache.noindex/Accessibility-8WBSLVYW3D6CRMBBE4P0IRYSG.pcm

SwiftExplicitDependencyGeneratePcm x86_64 /Volumes/SN550-2T/freewind-demos/swiftui-macos-carbon-global-hotkey-demo/build/out/DerivedData/ModuleCache.noindex/ApplicationServices-5J1ML1TYGFONO3MUNQHMM11IR.pcm

SwiftExplicitDependencyGeneratePcm x86_64 /Volumes/SN550-2T/freewind-demos/swiftui-macos-carbon-global-hotkey-demo/build/out/DerivedData/ModuleCache.noindex/CoreTransferable-D7PFFLAGNUFBKBPU1X621SPYL.pcm

SwiftExplicitDependencyGeneratePcm x86_64 /Volumes/SN550-2T/freewind-demos/swiftui-macos-carbon-global-hotkey-demo/build/out/DerivedData/ModuleCache.noindex/Symbols-9WIY11L3KVYW5JNGMQARK5IPK.pcm

SwiftExplicitDependencyGeneratePcm x86_64 /Volumes/SN550-2T/freewind-demos/swiftui-macos-carbon-global-hotkey-demo/build/out/DerivedData/ModuleCache.noindex/Metal-CU65YLMB5TDQN36KA9T6QFD5A.pcm

SwiftExplicitDependencyGeneratePcm x86_64 /Volumes/SN550-2T/freewind-demos/swiftui-macos-carbon-global-hotkey-demo/build/out/DerivedData/ModuleCache.noindex/Carbon-4PPKLR9R0YAUMBJBQQTQI7S9O.pcm

SwiftExplicitDependencyGeneratePcm x86_64 /Volumes/SN550-2T/freewind-demos/swiftui-macos-carbon-global-hotkey-demo/build/out/DerivedData/ModuleCache.noindex/CoreVideo-BO9THVWQUK2EJDPABNZMTYT93.pcm

SwiftExplicitDependencyGeneratePcm x86_64 /Volumes/SN550-2T/freewind-demos/swiftui-macos-carbon-global-hotkey-demo/build/out/DerivedData/ModuleCache.noindex/CoreImage-C6658MF3YH3KV7BJY8F7XSROM.pcm

SwiftExplicitDependencyGeneratePcm x86_64 /Volumes/SN550-2T/freewind-demos/swiftui-macos-carbon-global-hotkey-demo/build/out/DerivedData/ModuleCache.noindex/QuartzCore-8BS77VUJEQWFKJJHHVQB6HQB7.pcm

SwiftExplicitDependencyGeneratePcm x86_64 /Volumes/SN550-2T/freewind-demos/swiftui-macos-carbon-global-hotkey-demo/build/out/DerivedData/ModuleCache.noindex/SwiftUICore-853NYQF4NS77DF5KYHRHI5SM4.pcm

SwiftExplicitDependencyGeneratePcm x86_64 /Volumes/SN550-2T/freewind-demos/swiftui-macos-carbon-global-hotkey-demo/build/out/DerivedData/ModuleCache.noindex/AppKit-53SIBMMZ4BQB92ACTMC4FWP8W.pcm

SwiftExplicitDependencyGeneratePcm x86_64 /Volumes/SN550-2T/freewind-demos/swiftui-macos-carbon-global-hotkey-demo/build/out/DerivedData/ModuleCache.noindex/SwiftUI-5GDIGAM80V5IEOWCW5GRL9W7M.pcm

SwiftEmitModule normal x86_64 Emitting\ module\ for\ SwiftUICarbonGlobalHotkeyDemo (in target 'SwiftUICarbonGlobalHotkeyDemo' from project 'SwiftUICarbonGlobalHotkeyDemo')

EmitSwiftModule normal x86_64 (in target 'SwiftUICarbonGlobalHotkeyDemo' from project 'SwiftUICarbonGlobalHotkeyDemo')
    cd /Volumes/SN550-2T/freewind-demos/swiftui-macos-carbon-global-hotkey-demo
    

SwiftCompile normal x86_64 Compiling\ ContentView.swift /Volumes/SN550-2T/freewind-demos/swiftui-macos-carbon-global-hotkey-demo/Sources/ContentView.swift (in target 'SwiftUICarbonGlobalHotkeyDemo' from project 'SwiftUICarbonGlobalHotkeyDemo')
SwiftCompile normal x86_64 /Volumes/SN550-2T/freewind-demos/swiftui-macos-carbon-global-hotkey-demo/Sources/ContentView.swift (in target 'SwiftUICarbonGlobalHotkeyDemo' from project 'SwiftUICarbonGlobalHotkeyDemo')
    cd /Volumes/SN550-2T/freewind-demos/swiftui-macos-carbon-global-hotkey-demo
    

SwiftCompile normal x86_64 Compiling\ CarbonGlobalHotkeyService.swift /Volumes/SN550-2T/freewind-demos/swiftui-macos-carbon-global-hotkey-demo/Sources/CarbonGlobalHotkeyService.swift (in target 'SwiftUICarbonGlobalHotkeyDemo' from project 'SwiftUICarbonGlobalHotkeyDemo')

SwiftCompile normal x86_64 /Volumes/SN550-2T/freewind-demos/swiftui-macos-carbon-global-hotkey-demo/Sources/CarbonGlobalHotkeyService.swift (in target 'SwiftUICarbonGlobalHotkeyDemo' from project 'SwiftUICarbonGlobalHotkeyDemo')
    cd /Volumes/SN550-2T/freewind-demos/swiftui-macos-carbon-global-hotkey-demo
    

SwiftCompile normal x86_64 Compiling\ CarbonGlobalHotkeyModels.swift /Volumes/SN550-2T/freewind-demos/swiftui-macos-carbon-global-hotkey-demo/Sources/CarbonGlobalHotkeyModels.swift (in target 'SwiftUICarbonGlobalHotkeyDemo' from project 'SwiftUICarbonGlobalHotkeyDemo')

SwiftCompile normal x86_64 /Volumes/SN550-2T/freewind-demos/swiftui-macos-carbon-global-hotkey-demo/Sources/CarbonGlobalHotkeyModels.swift (in target 'SwiftUICarbonGlobalHotkeyDemo' from project 'SwiftUICarbonGlobalHotkeyDemo')
    cd /Volumes/SN550-2T/freewind-demos/swiftui-macos-carbon-global-hotkey-demo
    

SwiftCompile normal x86_64 Compiling\ SwiftUICarbonGlobalHotkeyDemoApp.swift /Volumes/SN550-2T/freewind-demos/swiftui-macos-carbon-global-hotkey-demo/Sources/SwiftUICarbonGlobalHotkeyDemoApp.swift (in target 'SwiftUICarbonGlobalHotkeyDemo' from project 'SwiftUICarbonGlobalHotkeyDemo')

SwiftCompile normal x86_64 /Volumes/SN550-2T/freewind-demos/swiftui-macos-carbon-global-hotkey-demo/Sources/SwiftUICarbonGlobalHotkeyDemoApp.swift (in target 'SwiftUICarbonGlobalHotkeyDemo' from project 'SwiftUICarbonGlobalHotkeyDemo')
    cd /Volumes/SN550-2T/freewind-demos/swiftui-macos-carbon-global-hotkey-demo
    

SwiftCompile normal x86_64 Compiling\ CarbonGlobalHotkeyStore.swift /Volumes/SN550-2T/freewind-demos/swiftui-macos-carbon-global-hotkey-demo/Sources/CarbonGlobalHotkeyStore.swift (in target 'SwiftUICarbonGlobalHotkeyDemo' from project 'SwiftUICarbonGlobalHotkeyDemo')

SwiftCompile normal x86_64 /Volumes/SN550-2T/freewind-demos/swiftui-macos-carbon-global-hotkey-demo/Sources/CarbonGlobalHotkeyStore.swift (in target 'SwiftUICarbonGlobalHotkeyDemo' from project 'SwiftUICarbonGlobalHotkeyDemo')
    cd /Volumes/SN550-2T/freewind-demos/swiftui-macos-carbon-global-hotkey-demo
    

SwiftCompile normal x86_64 Compiling\ AppHotkey.swift /Volumes/SN550-2T/freewind-demos/swiftui-macos-carbon-global-hotkey-demo/Sources/AppHotkey.swift (in target 'SwiftUICarbonGlobalHotkeyDemo' from project 'SwiftUICarbonGlobalHotkeyDemo')

SwiftCompile normal x86_64 /Volumes/SN550-2T/freewind-demos/swiftui-macos-carbon-global-hotkey-demo/Sources/AppHotkey.swift (in target 'SwiftUICarbonGlobalHotkeyDemo' from project 'SwiftUICarbonGlobalHotkeyDemo')
    cd /Volumes/SN550-2T/freewind-demos/swiftui-macos-carbon-global-hotkey-demo
    

SwiftDriverJobDiscovery normal x86_64 Emitting module for SwiftUICarbonGlobalHotkeyDemo (in target 'SwiftUICarbonGlobalHotkeyDemo' from project 'SwiftUICarbonGlobalHotkeyDemo')

SwiftDriver\ Compilation\ Requirements SwiftUICarbonGlobalHotkeyDemo normal x86_64 com.apple.xcode.tools.swift.compiler (in target 'SwiftUICarbonGlobalHotkeyDemo' from project 'SwiftUICarbonGlobalHotkeyDemo')
    cd /Volumes/SN550-2T/freewind-demos/swiftui-macos-carbon-global-hotkey-demo
    builtin-Swift-Compilation-Requirements -- /Applications/Xcode.app/Contents/Developer/Toolchains/XcodeDefault.xctoolchain/usr/bin/swiftc -module-name SwiftUICarbonGlobalHotkeyDemo -Onone -enforce-exclusivity\=checked @/Volumes/SN550-2T/freewind-demos/swiftui-macos-carbon-global-hotkey-demo/build/out/DerivedData/Build/Intermediates.noindex/SwiftUICarbonGlobalHotkeyDemo.build/Debug/SwiftUICarbonGlobalHotkeyDemo.build/Objects-normal/x86_64/SwiftUICarbonGlobalHotkeyDemo.SwiftFileList -DDEBUG -enable-bare-slash-regex -enable-experimental-feature DebugDescriptionMacro -sdk /Applications/Xcode.app/Contents/Developer/Platforms/MacOSX.platform/Developer/SDKs/MacOSX26.2.sdk -target x86_64-apple-macos14.0 -g -module-cache-path /Volumes/SN550-2T/freewind-demos/swiftui-macos-carbon-global-hotkey-demo/build/out/DerivedData/ModuleCache.noindex -Xfrontend -serialize-debugging-options -enable-testing -index-store-path /Volumes/SN550-2T/freewind-demos/swiftui-macos-carbon-global-hotkey-demo/build/out/DerivedData/Index.noindex/DataStore -Xcc -D_LIBCPP_HARDENING_MODE\=_LIBCPP_HARDENING_MODE_DEBUG -swift-version 5 -I /Volumes/SN550-2T/freewind-demos/swiftui-macos-carbon-global-hotkey-demo/build/out/Debug -F /Volumes/SN550-2T/freewind-demos/swiftui-macos-carbon-global-hotkey-demo/build/out/Debug -c -j12 -enable-batch-mode -incremental -Xcc -ivfsstatcache -Xcc /Volumes/SN550-2T/freewind-demos/swiftui-macos-carbon-global-hotkey-demo/build/out/DerivedData/SDKStatCaches.noindex/macosx26.2-25C58-00fa09913b459cbbc988d1f6730289ae.sdkstatcache -output-file-map /Volumes/SN550-2T/freewind-demos/swiftui-macos-carbon-global-hotkey-demo/build/out/DerivedData/Build/Intermediates.noindex/SwiftUICarbonGlobalHotkeyDemo.build/Debug/SwiftUICarbonGlobalHotkeyDemo.build/Objects-normal/x86_64/SwiftUICarbonGlobalHotkeyDemo-OutputFileMap.json -use-frontend-parseable-output -save-temps -no-color-diagnostics -explicit-module-build -module-cache-path /Volumes/SN550-2T/freewind-demos/swiftui-macos-carbon-global-hotkey-demo/build/out/DerivedData/Build/Intermediates.noindex/SwiftExplicitPrecompiledModules -clang-scanner-module-cache-path /Volumes/SN550-2T/freewind-demos/swiftui-macos-carbon-global-hotkey-demo/build/out/DerivedData/ModuleCache.noindex -sdk-module-cache-path /Volumes/SN550-2T/freewind-demos/swiftui-macos-carbon-global-hotkey-demo/build/out/DerivedData/ModuleCache.noindex -serialize-diagnostics -emit-dependencies -emit-module -emit-module-path /Volumes/SN550-2T/freewind-demos/swiftui-macos-carbon-global-hotkey-demo/build/out/DerivedData/Build/Intermediates.noindex/SwiftUICarbonGlobalHotkeyDemo.build/Debug/SwiftUICarbonGlobalHotkeyDemo.build/Objects-normal/x86_64/SwiftUICarbonGlobalHotkeyDemo.swiftmodule -validate-clang-modules-once -clang-build-session-file /Volumes/SN550-2T/freewind-demos/swiftui-macos-carbon-global-hotkey-demo/build/out/DerivedData/ModuleCache.noindex/Session.modulevalidation -Xcc -I/Volumes/SN550-2T/freewind-demos/swiftui-macos-carbon-global-hotkey-demo/build/out/DerivedData/Build/Intermediates.noindex/SwiftUICarbonGlobalHotkeyDemo.build/Debug/SwiftUICarbonGlobalHotkeyDemo.build/swift-overrides.hmap -emit-const-values -Xfrontend -const-gather-protocols-file -Xfrontend /Volumes/SN550-2T/freewind-demos/swiftui-macos-carbon-global-hotkey-demo/build/out/DerivedData/Build/Intermediates.noindex/SwiftUICarbonGlobalHotkeyDemo.build/Debug/SwiftUICarbonGlobalHotkeyDemo.build/Objects-normal/x86_64/SwiftUICarbonGlobalHotkeyDemo_const_extract_protocols.json -Xcc -iquote -Xcc /Volumes/SN550-2T/freewind-demos/swiftui-macos-carbon-global-hotkey-demo/build/out/DerivedData/Build/Intermediates.noindex/SwiftUICarbonGlobalHotkeyDemo.build/Debug/SwiftUICarbonGlobalHotkeyDemo.build/SwiftUICarbonGlobalHotkeyDemo-generated-files.hmap -Xcc -I/Volumes/SN550-2T/freewind-demos/swiftui-macos-carbon-global-hotkey-demo/build/out/DerivedData/Build/Intermediates.noindex/SwiftUICarbonGlobalHotkeyDemo.build/Debug/SwiftUICarbonGlobalHotkeyDemo.build/SwiftUICarbonGlobalHotkeyDemo-own-target-headers.hmap -Xcc -I/Volumes/SN550-2T/freewind-demos/swiftui-macos-carbon-global-hotkey-demo/build/out/DerivedData/Build/Intermediates.noindex/SwiftUICarbonGlobalHotkeyDemo.build/Debug/SwiftUICarbonGlobalHotkeyDemo.build/SwiftUICarbonGlobalHotkeyDemo-all-target-headers.hmap -Xcc -iquote -Xcc /Volumes/SN550-2T/freewind-demos/swiftui-macos-carbon-global-hotkey-demo/build/out/DerivedData/Build/Intermediates.noindex/SwiftUICarbonGlobalHotkeyDemo.build/Debug/SwiftUICarbonGlobalHotkeyDemo.build/SwiftUICarbonGlobalHotkeyDemo-project-headers.hmap -Xcc -I/Volumes/SN550-2T/freewind-demos/swiftui-macos-carbon-global-hotkey-demo/build/out/Debug/include -Xcc -I/Volumes/SN550-2T/freewind-demos/swiftui-macos-carbon-global-hotkey-demo/build/out/DerivedData/Build/Intermediates.noindex/SwiftUICarbonGlobalHotkeyDemo.build/Debug/SwiftUICarbonGlobalHotkeyDemo.build/DerivedSources-normal/x86_64 -Xcc -I/Volumes/SN550-2T/freewind-demos/swiftui-macos-carbon-global-hotkey-demo/build/out/DerivedData/Build/Intermediates.noindex/SwiftUICarbonGlobalHotkeyDemo.build/Debug/SwiftUICarbonGlobalHotkeyDemo.build/DerivedSources/x86_64 -Xcc -I/Volumes/SN550-2T/freewind-demos/swiftui-macos-carbon-global-hotkey-demo/build/out/DerivedData/Build/Intermediates.noindex/SwiftUICarbonGlobalHotkeyDemo.build/Debug/SwiftUICarbonGlobalHotkeyDemo.build/DerivedSources -Xcc -DDEBUG\=1 -emit-objc-header -emit-objc-header-path /Volumes/SN550-2T/freewind-demos/swiftui-macos-carbon-global-hotkey-demo/build/out/DerivedData/Build/Intermediates.noindex/SwiftUICarbonGlobalHotkeyDemo.build/Debug/SwiftUICarbonGlobalHotkeyDemo.build/Objects-normal/x86_64/SwiftUICarbonGlobalHotkeyDemo-Swift.h -working-directory /Volumes/SN550-2T/freewind-demos/swiftui-macos-carbon-global-hotkey-demo -experimental-emit-module-separately -disable-cmo

SwiftMergeGeneratedHeaders /Volumes/SN550-2T/freewind-demos/swiftui-macos-carbon-global-hotkey-demo/build/out/DerivedData/Build/Intermediates.noindex/SwiftUICarbonGlobalHotkeyDemo.build/Debug/SwiftUICarbonGlobalHotkeyDemo.build/DerivedSources/SwiftUICarbonGlobalHotkeyDemo-Swift.h /Volumes/SN550-2T/freewind-demos/swiftui-macos-carbon-global-hotkey-demo/build/out/DerivedData/Build/Intermediates.noindex/SwiftUICarbonGlobalHotkeyDemo.build/Debug/SwiftUICarbonGlobalHotkeyDemo.build/Objects-normal/x86_64/SwiftUICarbonGlobalHotkeyDemo-Swift.h (in target 'SwiftUICarbonGlobalHotkeyDemo' from project 'SwiftUICarbonGlobalHotkeyDemo')
    cd /Volumes/SN550-2T/freewind-demos/swiftui-macos-carbon-global-hotkey-demo
    builtin-swiftHeaderTool -arch x86_64 /Volumes/SN550-2T/freewind-demos/swiftui-macos-carbon-global-hotkey-demo/build/out/DerivedData/Build/Intermediates.noindex/SwiftUICarbonGlobalHotkeyDemo.build/Debug/SwiftUICarbonGlobalHotkeyDemo.build/Objects-normal/x86_64/SwiftUICarbonGlobalHotkeyDemo-Swift.h -o /Volumes/SN550-2T/freewind-demos/swiftui-macos-carbon-global-hotkey-demo/build/out/DerivedData/Build/Intermediates.noindex/SwiftUICarbonGlobalHotkeyDemo.build/Debug/SwiftUICarbonGlobalHotkeyDemo.build/DerivedSources/SwiftUICarbonGlobalHotkeyDemo-Swift.h

Copy /Volumes/SN550-2T/freewind-demos/swiftui-macos-carbon-global-hotkey-demo/build/out/Debug/SwiftUICarbonGlobalHotkeyDemo.swiftmodule/x86_64-apple-macos.abi.json /Volumes/SN550-2T/freewind-demos/swiftui-macos-carbon-global-hotkey-demo/build/out/DerivedData/Build/Intermediates.noindex/SwiftUICarbonGlobalHotkeyDemo.build/Debug/SwiftUICarbonGlobalHotkeyDemo.build/Objects-normal/x86_64/SwiftUICarbonGlobalHotkeyDemo.abi.json (in target 'SwiftUICarbonGlobalHotkeyDemo' from project 'SwiftUICarbonGlobalHotkeyDemo')
    cd /Volumes/SN550-2T/freewind-demos/swiftui-macos-carbon-global-hotkey-demo
    builtin-copy -exclude .DS_Store -exclude CVS -exclude .svn -exclude .git -exclude .hg -resolve-src-symlinks -rename /Volumes/SN550-2T/freewind-demos/swiftui-macos-carbon-global-hotkey-demo/build/out/DerivedData/Build/Intermediates.noindex/SwiftUICarbonGlobalHotkeyDemo.build/Debug/SwiftUICarbonGlobalHotkeyDemo.build/Objects-normal/x86_64/SwiftUICarbonGlobalHotkeyDemo.abi.json /Volumes/SN550-2T/freewind-demos/swiftui-macos-carbon-global-hotkey-demo/build/out/Debug/SwiftUICarbonGlobalHotkeyDemo.swiftmodule/x86_64-apple-macos.abi.json

Copy /Volumes/SN550-2T/freewind-demos/swiftui-macos-carbon-global-hotkey-demo/build/out/Debug/SwiftUICarbonGlobalHotkeyDemo.swiftmodule/x86_64-apple-macos.swiftdoc /Volumes/SN550-2T/freewind-demos/swiftui-macos-carbon-global-hotkey-demo/build/out/DerivedData/Build/Intermediates.noindex/SwiftUICarbonGlobalHotkeyDemo.build/Debug/SwiftUICarbonGlobalHotkeyDemo.build/Objects-normal/x86_64/SwiftUICarbonGlobalHotkeyDemo.swiftdoc (in target 'SwiftUICarbonGlobalHotkeyDemo' from project 'SwiftUICarbonGlobalHotkeyDemo')
    cd /Volumes/SN550-2T/freewind-demos/swiftui-macos-carbon-global-hotkey-demo
    builtin-copy -exclude .DS_Store -exclude CVS -exclude .svn -exclude .git -exclude .hg -resolve-src-symlinks -rename /Volumes/SN550-2T/freewind-demos/swiftui-macos-carbon-global-hotkey-demo/build/out/DerivedData/Build/Intermediates.noindex/SwiftUICarbonGlobalHotkeyDemo.build/Debug/SwiftUICarbonGlobalHotkeyDemo.build/Objects-normal/x86_64/SwiftUICarbonGlobalHotkeyDemo.swiftdoc /Volumes/SN550-2T/freewind-demos/swiftui-macos-carbon-global-hotkey-demo/build/out/Debug/SwiftUICarbonGlobalHotkeyDemo.swiftmodule/x86_64-apple-macos.swiftdoc

Copy /Volumes/SN550-2T/freewind-demos/swiftui-macos-carbon-global-hotkey-demo/build/out/Debug/SwiftUICarbonGlobalHotkeyDemo.swiftmodule/x86_64-apple-macos.swiftmodule /Volumes/SN550-2T/freewind-demos/swiftui-macos-carbon-global-hotkey-demo/build/out/DerivedData/Build/Intermediates.noindex/SwiftUICarbonGlobalHotkeyDemo.build/Debug/SwiftUICarbonGlobalHotkeyDemo.build/Objects-normal/x86_64/SwiftUICarbonGlobalHotkeyDemo.swiftmodule (in target 'SwiftUICarbonGlobalHotkeyDemo' from project 'SwiftUICarbonGlobalHotkeyDemo')
    cd /Volumes/SN550-2T/freewind-demos/swiftui-macos-carbon-global-hotkey-demo
    builtin-copy -exclude .DS_Store -exclude CVS -exclude .svn -exclude .git -exclude .hg -resolve-src-symlinks -rename /Volumes/SN550-2T/freewind-demos/swiftui-macos-carbon-global-hotkey-demo/build/out/DerivedData/Build/Intermediates.noindex/SwiftUICarbonGlobalHotkeyDemo.build/Debug/SwiftUICarbonGlobalHotkeyDemo.build/Objects-normal/x86_64/SwiftUICarbonGlobalHotkeyDemo.swiftmodule /Volumes/SN550-2T/freewind-demos/swiftui-macos-carbon-global-hotkey-demo/build/out/Debug/SwiftUICarbonGlobalHotkeyDemo.swiftmodule/x86_64-apple-macos.swiftmodule

Copy /Volumes/SN550-2T/freewind-demos/swiftui-macos-carbon-global-hotkey-demo/build/out/Debug/SwiftUICarbonGlobalHotkeyDemo.swiftmodule/Project/x86_64-apple-macos.swiftsourceinfo /Volumes/SN550-2T/freewind-demos/swiftui-macos-carbon-global-hotkey-demo/build/out/DerivedData/Build/Intermediates.noindex/SwiftUICarbonGlobalHotkeyDemo.build/Debug/SwiftUICarbonGlobalHotkeyDemo.build/Objects-normal/x86_64/SwiftUICarbonGlobalHotkeyDemo.swiftsourceinfo (in target 'SwiftUICarbonGlobalHotkeyDemo' from project 'SwiftUICarbonGlobalHotkeyDemo')
    cd /Volumes/SN550-2T/freewind-demos/swiftui-macos-carbon-global-hotkey-demo
    builtin-copy -exclude .DS_Store -exclude CVS -exclude .svn -exclude .git -exclude .hg -resolve-src-symlinks -rename /Volumes/SN550-2T/freewind-demos/swiftui-macos-carbon-global-hotkey-demo/build/out/DerivedData/Build/Intermediates.noindex/SwiftUICarbonGlobalHotkeyDemo.build/Debug/SwiftUICarbonGlobalHotkeyDemo.build/Objects-normal/x86_64/SwiftUICarbonGlobalHotkeyDemo.swiftsourceinfo /Volumes/SN550-2T/freewind-demos/swiftui-macos-carbon-global-hotkey-demo/build/out/Debug/SwiftUICarbonGlobalHotkeyDemo.swiftmodule/Project/x86_64-apple-macos.swiftsourceinfo

SwiftDriverJobDiscovery normal x86_64 Compiling CarbonGlobalHotkeyModels.swift (in target 'SwiftUICarbonGlobalHotkeyDemo' from project 'SwiftUICarbonGlobalHotkeyDemo')

SwiftDriverJobDiscovery normal x86_64 Compiling CarbonGlobalHotkeyService.swift (in target 'SwiftUICarbonGlobalHotkeyDemo' from project 'SwiftUICarbonGlobalHotkeyDemo')

SwiftDriverJobDiscovery normal x86_64 Compiling AppHotkey.swift (in target 'SwiftUICarbonGlobalHotkeyDemo' from project 'SwiftUICarbonGlobalHotkeyDemo')

SwiftDriverJobDiscovery normal x86_64 Compiling SwiftUICarbonGlobalHotkeyDemoApp.swift (in target 'SwiftUICarbonGlobalHotkeyDemo' from project 'SwiftUICarbonGlobalHotkeyDemo')

SwiftDriverJobDiscovery normal x86_64 Compiling CarbonGlobalHotkeyStore.swift (in target 'SwiftUICarbonGlobalHotkeyDemo' from project 'SwiftUICarbonGlobalHotkeyDemo')

SwiftDriverJobDiscovery normal x86_64 Compiling ContentView.swift (in target 'SwiftUICarbonGlobalHotkeyDemo' from project 'SwiftUICarbonGlobalHotkeyDemo')

SwiftDriver\ Compilation SwiftUICarbonGlobalHotkeyDemo normal x86_64 com.apple.xcode.tools.swift.compiler (in target 'SwiftUICarbonGlobalHotkeyDemo' from project 'SwiftUICarbonGlobalHotkeyDemo')
    cd /Volumes/SN550-2T/freewind-demos/swiftui-macos-carbon-global-hotkey-demo
    builtin-Swift-Compilation -- /Applications/Xcode.app/Contents/Developer/Toolchains/XcodeDefault.xctoolchain/usr/bin/swiftc -module-name SwiftUICarbonGlobalHotkeyDemo -Onone -enforce-exclusivity\=checked @/Volumes/SN550-2T/freewind-demos/swiftui-macos-carbon-global-hotkey-demo/build/out/DerivedData/Build/Intermediates.noindex/SwiftUICarbonGlobalHotkeyDemo.build/Debug/SwiftUICarbonGlobalHotkeyDemo.build/Objects-normal/x86_64/SwiftUICarbonGlobalHotkeyDemo.SwiftFileList -DDEBUG -enable-bare-slash-regex -enable-experimental-feature DebugDescriptionMacro -sdk /Applications/Xcode.app/Contents/Developer/Platforms/MacOSX.platform/Developer/SDKs/MacOSX26.2.sdk -target x86_64-apple-macos14.0 -g -module-cache-path /Volumes/SN550-2T/freewind-demos/swiftui-macos-carbon-global-hotkey-demo/build/out/DerivedData/ModuleCache.noindex -Xfrontend -serialize-debugging-options -enable-testing -index-store-path /Volumes/SN550-2T/freewind-demos/swiftui-macos-carbon-global-hotkey-demo/build/out/DerivedData/Index.noindex/DataStore -Xcc -D_LIBCPP_HARDENING_MODE\=_LIBCPP_HARDENING_MODE_DEBUG -swift-version 5 -I /Volumes/SN550-2T/freewind-demos/swiftui-macos-carbon-global-hotkey-demo/build/out/Debug -F /Volumes/SN550-2T/freewind-demos/swiftui-macos-carbon-global-hotkey-demo/build/out/Debug -c -j12 -enable-batch-mode -incremental -Xcc -ivfsstatcache -Xcc /Volumes/SN550-2T/freewind-demos/swiftui-macos-carbon-global-hotkey-demo/build/out/DerivedData/SDKStatCaches.noindex/macosx26.2-25C58-00fa09913b459cbbc988d1f6730289ae.sdkstatcache -output-file-map /Volumes/SN550-2T/freewind-demos/swiftui-macos-carbon-global-hotkey-demo/build/out/DerivedData/Build/Intermediates.noindex/SwiftUICarbonGlobalHotkeyDemo.build/Debug/SwiftUICarbonGlobalHotkeyDemo.build/Objects-normal/x86_64/SwiftUICarbonGlobalHotkeyDemo-OutputFileMap.json -use-frontend-parseable-output -save-temps -no-color-diagnostics -explicit-module-build -module-cache-path /Volumes/SN550-2T/freewind-demos/swiftui-macos-carbon-global-hotkey-demo/build/out/DerivedData/Build/Intermediates.noindex/SwiftExplicitPrecompiledModules -clang-scanner-module-cache-path /Volumes/SN550-2T/freewind-demos/swiftui-macos-carbon-global-hotkey-demo/build/out/DerivedData/ModuleCache.noindex -sdk-module-cache-path /Volumes/SN550-2T/freewind-demos/swiftui-macos-carbon-global-hotkey-demo/build/out/DerivedData/ModuleCache.noindex -serialize-diagnostics -emit-dependencies -emit-module -emit-module-path /Volumes/SN550-2T/freewind-demos/swiftui-macos-carbon-global-hotkey-demo/build/out/DerivedData/Build/Intermediates.noindex/SwiftUICarbonGlobalHotkeyDemo.build/Debug/SwiftUICarbonGlobalHotkeyDemo.build/Objects-normal/x86_64/SwiftUICarbonGlobalHotkeyDemo.swiftmodule -validate-clang-modules-once -clang-build-session-file /Volumes/SN550-2T/freewind-demos/swiftui-macos-carbon-global-hotkey-demo/build/out/DerivedData/ModuleCache.noindex/Session.modulevalidation -Xcc -I/Volumes/SN550-2T/freewind-demos/swiftui-macos-carbon-global-hotkey-demo/build/out/DerivedData/Build/Intermediates.noindex/SwiftUICarbonGlobalHotkeyDemo.build/Debug/SwiftUICarbonGlobalHotkeyDemo.build/swift-overrides.hmap -emit-const-values -Xfrontend -const-gather-protocols-file -Xfrontend /Volumes/SN550-2T/freewind-demos/swiftui-macos-carbon-global-hotkey-demo/build/out/DerivedData/Build/Intermediates.noindex/SwiftUICarbonGlobalHotkeyDemo.build/Debug/SwiftUICarbonGlobalHotkeyDemo.build/Objects-normal/x86_64/SwiftUICarbonGlobalHotkeyDemo_const_extract_protocols.json -Xcc -iquote -Xcc /Volumes/SN550-2T/freewind-demos/swiftui-macos-carbon-global-hotkey-demo/build/out/DerivedData/Build/Intermediates.noindex/SwiftUICarbonGlobalHotkeyDemo.build/Debug/SwiftUICarbonGlobalHotkeyDemo.build/SwiftUICarbonGlobalHotkeyDemo-generated-files.hmap -Xcc -I/Volumes/SN550-2T/freewind-demos/swiftui-macos-carbon-global-hotkey-demo/build/out/DerivedData/Build/Intermediates.noindex/SwiftUICarbonGlobalHotkeyDemo.build/Debug/SwiftUICarbonGlobalHotkeyDemo.build/SwiftUICarbonGlobalHotkeyDemo-own-target-headers.hmap -Xcc -I/Volumes/SN550-2T/freewind-demos/swiftui-macos-carbon-global-hotkey-demo/build/out/DerivedData/Build/Intermediates.noindex/SwiftUICarbonGlobalHotkeyDemo.build/Debug/SwiftUICarbonGlobalHotkeyDemo.build/SwiftUICarbonGlobalHotkeyDemo-all-target-headers.hmap -Xcc -iquote -Xcc /Volumes/SN550-2T/freewind-demos/swiftui-macos-carbon-global-hotkey-demo/build/out/DerivedData/Build/Intermediates.noindex/SwiftUICarbonGlobalHotkeyDemo.build/Debug/SwiftUICarbonGlobalHotkeyDemo.build/SwiftUICarbonGlobalHotkeyDemo-project-headers.hmap -Xcc -I/Volumes/SN550-2T/freewind-demos/swiftui-macos-carbon-global-hotkey-demo/build/out/Debug/include -Xcc -I/Volumes/SN550-2T/freewind-demos/swiftui-macos-carbon-global-hotkey-demo/build/out/DerivedData/Build/Intermediates.noindex/SwiftUICarbonGlobalHotkeyDemo.build/Debug/SwiftUICarbonGlobalHotkeyDemo.build/DerivedSources-normal/x86_64 -Xcc -I/Volumes/SN550-2T/freewind-demos/swiftui-macos-carbon-global-hotkey-demo/build/out/DerivedData/Build/Intermediates.noindex/SwiftUICarbonGlobalHotkeyDemo.build/Debug/SwiftUICarbonGlobalHotkeyDemo.build/DerivedSources/x86_64 -Xcc -I/Volumes/SN550-2T/freewind-demos/swiftui-macos-carbon-global-hotkey-demo/build/out/DerivedData/Build/Intermediates.noindex/SwiftUICarbonGlobalHotkeyDemo.build/Debug/SwiftUICarbonGlobalHotkeyDemo.build/DerivedSources -Xcc -DDEBUG\=1 -emit-objc-header -emit-objc-header-path /Volumes/SN550-2T/freewind-demos/swiftui-macos-carbon-global-hotkey-demo/build/out/DerivedData/Build/Intermediates.noindex/SwiftUICarbonGlobalHotkeyDemo.build/Debug/SwiftUICarbonGlobalHotkeyDemo.build/Objects-normal/x86_64/SwiftUICarbonGlobalHotkeyDemo-Swift.h -working-directory /Volumes/SN550-2T/freewind-demos/swiftui-macos-carbon-global-hotkey-demo -experimental-emit-module-separately -disable-cmo

Ld /Volumes/SN550-2T/freewind-demos/swiftui-macos-carbon-global-hotkey-demo/build/out/Debug/SwiftUICarbonGlobalHotkeyDemo.app/Contents/MacOS/SwiftUICarbonGlobalHotkeyDemo.debug.dylib normal (in target 'SwiftUICarbonGlobalHotkeyDemo' from project 'SwiftUICarbonGlobalHotkeyDemo')
    cd /Volumes/SN550-2T/freewind-demos/swiftui-macos-carbon-global-hotkey-demo
    /Applications/Xcode.app/Contents/Developer/Toolchains/XcodeDefault.xctoolchain/usr/bin/clang -Xlinker -reproducible -target x86_64-apple-macos14.0 -dynamiclib -isysroot /Applications/Xcode.app/Contents/Developer/Platforms/MacOSX.platform/Developer/SDKs/MacOSX26.2.sdk -O0 -L/Volumes/SN550-2T/freewind-demos/swiftui-macos-carbon-global-hotkey-demo/build/out/DerivedData/Build/Intermediates.noindex/EagerLinkingTBDs/Debug -L/Volumes/SN550-2T/freewind-demos/swiftui-macos-carbon-global-hotkey-demo/build/out/Debug -F/Volumes/SN550-2T/freewind-demos/swiftui-macos-carbon-global-hotkey-demo/build/out/DerivedData/Build/Intermediates.noindex/EagerLinkingTBDs/Debug -F/Volumes/SN550-2T/freewind-demos/swiftui-macos-carbon-global-hotkey-demo/build/out/Debug -filelist /Volumes/SN550-2T/freewind-demos/swiftui-macos-carbon-global-hotkey-demo/build/out/DerivedData/Build/Intermediates.noindex/SwiftUICarbonGlobalHotkeyDemo.build/Debug/SwiftUICarbonGlobalHotkeyDemo.build/Objects-normal/x86_64/SwiftUICarbonGlobalHotkeyDemo.LinkFileList -install_name @rpath/SwiftUICarbonGlobalHotkeyDemo.debug.dylib -Xlinker -rpath -Xlinker /usr/lib/swift -Xlinker -rpath -Xlinker @executable_path/../Frameworks -Xlinker -object_path_lto -Xlinker /Volumes/SN550-2T/freewind-demos/swiftui-macos-carbon-global-hotkey-demo/build/out/DerivedData/Build/Intermediates.noindex/SwiftUICarbonGlobalHotkeyDemo.build/Debug/SwiftUICarbonGlobalHotkeyDemo.build/Objects-normal/x86_64/SwiftUICarbonGlobalHotkeyDemo_lto.o -rdynamic -Xlinker -no_deduplicate -Xlinker -dependency_info -Xlinker /Volumes/SN550-2T/freewind-demos/swiftui-macos-carbon-global-hotkey-demo/build/out/DerivedData/Build/Intermediates.noindex/SwiftUICarbonGlobalHotkeyDemo.build/Debug/SwiftUICarbonGlobalHotkeyDemo.build/Objects-normal/x86_64/SwiftUICarbonGlobalHotkeyDemo_dependency_info.dat -fobjc-link-runtime -L/Applications/Xcode.app/Contents/Developer/Toolchains/XcodeDefault.xctoolchain/usr/lib/swift/macosx -L/usr/lib/swift -Xlinker -add_ast_path -Xlinker /Volumes/SN550-2T/freewind-demos/swiftui-macos-carbon-global-hotkey-demo/build/out/DerivedData/Build/Intermediates.noindex/SwiftUICarbonGlobalHotkeyDemo.build/Debug/SwiftUICarbonGlobalHotkeyDemo.build/Objects-normal/x86_64/SwiftUICarbonGlobalHotkeyDemo.swiftmodule @/Volumes/SN550-2T/freewind-demos/swiftui-macos-carbon-global-hotkey-demo/build/out/DerivedData/Build/Intermediates.noindex/SwiftUICarbonGlobalHotkeyDemo.build/Debug/SwiftUICarbonGlobalHotkeyDemo.build/Objects-normal/x86_64/SwiftUICarbonGlobalHotkeyDemo-linker-args.resp -Xlinker -alias -Xlinker _main -Xlinker ___debug_main_executable_dylib_entry_point -Xlinker -no_adhoc_codesign -o /Volumes/SN550-2T/freewind-demos/swiftui-macos-carbon-global-hotkey-demo/build/out/Debug/SwiftUICarbonGlobalHotkeyDemo.app/Contents/MacOS/SwiftUICarbonGlobalHotkeyDemo.debug.dylib

ConstructStubExecutorLinkFileList /Volumes/SN550-2T/freewind-demos/swiftui-macos-carbon-global-hotkey-demo/build/out/DerivedData/Build/Intermediates.noindex/SwiftUICarbonGlobalHotkeyDemo.build/Debug/SwiftUICarbonGlobalHotkeyDemo.build/SwiftUICarbonGlobalHotkeyDemo-ExecutorLinkFileList-normal-x86_64.txt (in target 'SwiftUICarbonGlobalHotkeyDemo' from project 'SwiftUICarbonGlobalHotkeyDemo')
    cd /Volumes/SN550-2T/freewind-demos/swiftui-macos-carbon-global-hotkey-demo
    construct-stub-executor-link-file-list /Volumes/SN550-2T/freewind-demos/swiftui-macos-carbon-global-hotkey-demo/build/out/Debug/SwiftUICarbonGlobalHotkeyDemo.app/Contents/MacOS/SwiftUICarbonGlobalHotkeyDemo.debug.dylib /Applications/Xcode.app/Contents/Developer/Platforms/MacOSX.platform/Developer/usr/lib/libPreviewsJITStubExecutor_no_swift_entry_point.a /Applications/Xcode.app/Contents/Developer/Platforms/MacOSX.platform/Developer/usr/lib/libPreviewsJITStubExecutor.a --output /Volumes/SN550-2T/freewind-demos/swiftui-macos-carbon-global-hotkey-demo/build/out/DerivedData/Build/Intermediates.noindex/SwiftUICarbonGlobalHotkeyDemo.build/Debug/SwiftUICarbonGlobalHotkeyDemo.build/SwiftUICarbonGlobalHotkeyDemo-ExecutorLinkFileList-normal-x86_64.txt
note: Using stub executor library with Swift entry point. (in target 'SwiftUICarbonGlobalHotkeyDemo' from project 'SwiftUICarbonGlobalHotkeyDemo')

Ld /Volumes/SN550-2T/freewind-demos/swiftui-macos-carbon-global-hotkey-demo/build/out/Debug/SwiftUICarbonGlobalHotkeyDemo.app/Contents/MacOS/SwiftUICarbonGlobalHotkeyDemo normal (in target 'SwiftUICarbonGlobalHotkeyDemo' from project 'SwiftUICarbonGlobalHotkeyDemo')
    cd /Volumes/SN550-2T/freewind-demos/swiftui-macos-carbon-global-hotkey-demo
    /Applications/Xcode.app/Contents/Developer/Toolchains/XcodeDefault.xctoolchain/usr/bin/clang -Xlinker -reproducible -target x86_64-apple-macos14.0 -isysroot /Applications/Xcode.app/Contents/Developer/Platforms/MacOSX.platform/Developer/SDKs/MacOSX26.2.sdk -O0 -L/Volumes/SN550-2T/freewind-demos/swiftui-macos-carbon-global-hotkey-demo/build/out/Debug -F/Volumes/SN550-2T/freewind-demos/swiftui-macos-carbon-global-hotkey-demo/build/out/Debug -Xlinker -rpath -Xlinker @executable_path -Xlinker -rpath -Xlinker @executable_path/../Frameworks -rdynamic -Xlinker -no_deduplicate -e ___debug_blank_executor_main -Xlinker -sectcreate -Xlinker __TEXT -Xlinker __debug_dylib -Xlinker /Volumes/SN550-2T/freewind-demos/swiftui-macos-carbon-global-hotkey-demo/build/out/DerivedData/Build/Intermediates.noindex/SwiftUICarbonGlobalHotkeyDemo.build/Debug/SwiftUICarbonGlobalHotkeyDemo.build/SwiftUICarbonGlobalHotkeyDemo-DebugDylibPath-normal-x86_64.txt -Xlinker -sectcreate -Xlinker __TEXT -Xlinker __debug_instlnm -Xlinker /Volumes/SN550-2T/freewind-demos/swiftui-macos-carbon-global-hotkey-demo/build/out/DerivedData/Build/Intermediates.noindex/SwiftUICarbonGlobalHotkeyDemo.build/Debug/SwiftUICarbonGlobalHotkeyDemo.build/SwiftUICarbonGlobalHotkeyDemo-DebugDylibInstallName-normal-x86_64.txt -Xlinker -filelist -Xlinker /Volumes/SN550-2T/freewind-demos/swiftui-macos-carbon-global-hotkey-demo/build/out/DerivedData/Build/Intermediates.noindex/SwiftUICarbonGlobalHotkeyDemo.build/Debug/SwiftUICarbonGlobalHotkeyDemo.build/SwiftUICarbonGlobalHotkeyDemo-ExecutorLinkFileList-normal-x86_64.txt /Volumes/SN550-2T/freewind-demos/swiftui-macos-carbon-global-hotkey-demo/build/out/Debug/SwiftUICarbonGlobalHotkeyDemo.app/Contents/MacOS/SwiftUICarbonGlobalHotkeyDemo.debug.dylib -Xlinker -no_adhoc_codesign -o /Volumes/SN550-2T/freewind-demos/swiftui-macos-carbon-global-hotkey-demo/build/out/Debug/SwiftUICarbonGlobalHotkeyDemo.app/Contents/MacOS/SwiftUICarbonGlobalHotkeyDemo

CopySwiftLibs /Volumes/SN550-2T/freewind-demos/swiftui-macos-carbon-global-hotkey-demo/build/out/Debug/SwiftUICarbonGlobalHotkeyDemo.app (in target 'SwiftUICarbonGlobalHotkeyDemo' from project 'SwiftUICarbonGlobalHotkeyDemo')
    cd /Volumes/SN550-2T/freewind-demos/swiftui-macos-carbon-global-hotkey-demo
    builtin-swiftStdLibTool --copy --verbose --sign - --scan-executable /Volumes/SN550-2T/freewind-demos/swiftui-macos-carbon-global-hotkey-demo/build/out/Debug/SwiftUICarbonGlobalHotkeyDemo.app/Contents/MacOS/SwiftUICarbonGlobalHotkeyDemo.debug.dylib --scan-folder /Volumes/SN550-2T/freewind-demos/swiftui-macos-carbon-global-hotkey-demo/build/out/Debug/SwiftUICarbonGlobalHotkeyDemo.app/Contents/Frameworks --scan-folder /Volumes/SN550-2T/freewind-demos/swiftui-macos-carbon-global-hotkey-demo/build/out/Debug/SwiftUICarbonGlobalHotkeyDemo.app/Contents/PlugIns --scan-folder /Volumes/SN550-2T/freewind-demos/swiftui-macos-carbon-global-hotkey-demo/build/out/Debug/SwiftUICarbonGlobalHotkeyDemo.app/Contents/Library/SystemExtensions --scan-folder /Volumes/SN550-2T/freewind-demos/swiftui-macos-carbon-global-hotkey-demo/build/out/Debug/SwiftUICarbonGlobalHotkeyDemo.app/Contents/Extensions --platform macosx --toolchain /Applications/Xcode.app/Contents/Developer/Toolchains/XcodeDefault.xctoolchain --destination /Volumes/SN550-2T/freewind-demos/swiftui-macos-carbon-global-hotkey-demo/build/out/Debug/SwiftUICarbonGlobalHotkeyDemo.app/Contents/Frameworks --strip-bitcode --strip-bitcode-tool /Applications/Xcode.app/Contents/Developer/Toolchains/XcodeDefault.xctoolchain/usr/bin/bitcode_strip --emit-dependency-info /Volumes/SN550-2T/freewind-demos/swiftui-macos-carbon-global-hotkey-demo/build/out/DerivedData/Build/Intermediates.noindex/SwiftUICarbonGlobalHotkeyDemo.build/Debug/SwiftUICarbonGlobalHotkeyDemo.build/SwiftStdLibToolInputDependencies.dep --filter-for-swift-os --back-deploy-swift-span

ExtractAppIntentsMetadata (in target 'SwiftUICarbonGlobalHotkeyDemo' from project 'SwiftUICarbonGlobalHotkeyDemo')
    cd /Volumes/SN550-2T/freewind-demos/swiftui-macos-carbon-global-hotkey-demo
    /Applications/Xcode.app/Contents/Developer/Toolchains/XcodeDefault.xctoolchain/usr/bin/appintentsmetadataprocessor --toolchain-dir /Applications/Xcode.app/Contents/Developer/Toolchains/XcodeDefault.xctoolchain --module-name SwiftUICarbonGlobalHotkeyDemo --sdk-root /Applications/Xcode.app/Contents/Developer/Platforms/MacOSX.platform/Developer/SDKs/MacOSX26.2.sdk --xcode-version 17C529 --platform-family macOS --deployment-target 14.0 --bundle-identifier com.freewind.SwiftUICarbonGlobalHotkeyDemo --output /Volumes/SN550-2T/freewind-demos/swiftui-macos-carbon-global-hotkey-demo/build/out/Debug/SwiftUICarbonGlobalHotkeyDemo.app/Contents/Resources --target-triple x86_64-apple-macos14.0 --binary-file /Volumes/SN550-2T/freewind-demos/swiftui-macos-carbon-global-hotkey-demo/build/out/Debug/SwiftUICarbonGlobalHotkeyDemo.app/Contents/MacOS/SwiftUICarbonGlobalHotkeyDemo --dependency-file /Volumes/SN550-2T/freewind-demos/swiftui-macos-carbon-global-hotkey-demo/build/out/DerivedData/Build/Intermediates.noindex/SwiftUICarbonGlobalHotkeyDemo.build/Debug/SwiftUICarbonGlobalHotkeyDemo.build/Objects-normal/x86_64/SwiftUICarbonGlobalHotkeyDemo_dependency_info.dat --stringsdata-file /Volumes/SN550-2T/freewind-demos/swiftui-macos-carbon-global-hotkey-demo/build/out/DerivedData/Build/Intermediates.noindex/SwiftUICarbonGlobalHotkeyDemo.build/Debug/SwiftUICarbonGlobalHotkeyDemo.build/Objects-normal/x86_64/ExtractedAppShortcutsMetadata.stringsdata --source-file-list /Volumes/SN550-2T/freewind-demos/swiftui-macos-carbon-global-hotkey-demo/build/out/DerivedData/Build/Intermediates.noindex/SwiftUICarbonGlobalHotkeyDemo.build/Debug/SwiftUICarbonGlobalHotkeyDemo.build/Objects-normal/x86_64/SwiftUICarbonGlobalHotkeyDemo.SwiftFileList --metadata-file-list /Volumes/SN550-2T/freewind-demos/swiftui-macos-carbon-global-hotkey-demo/build/out/DerivedData/Build/Intermediates.noindex/SwiftUICarbonGlobalHotkeyDemo.build/Debug/SwiftUICarbonGlobalHotkeyDemo.build/SwiftUICarbonGlobalHotkeyDemo.DependencyMetadataFileList --static-metadata-file-list /Volumes/SN550-2T/freewind-demos/swiftui-macos-carbon-global-hotkey-demo/build/out/DerivedData/Build/Intermediates.noindex/SwiftUICarbonGlobalHotkeyDemo.build/Debug/SwiftUICarbonGlobalHotkeyDemo.build/SwiftUICarbonGlobalHotkeyDemo.DependencyStaticMetadataFileList --swift-const-vals-list /Volumes/SN550-2T/freewind-demos/swiftui-macos-carbon-global-hotkey-demo/build/out/DerivedData/Build/Intermediates.noindex/SwiftUICarbonGlobalHotkeyDemo.build/Debug/SwiftUICarbonGlobalHotkeyDemo.build/Objects-normal/x86_64/SwiftUICarbonGlobalHotkeyDemo.SwiftConstValuesFileList --compile-time-extraction --deployment-aware-processing --validate-assistant-intents --no-app-shortcuts-localization
2026-05-19 16:12:16.234 appintentsmetadataprocessor[98687:3420491] Starting appintentsmetadataprocessor export
2026-05-19 16:12:16.237 appintentsmetadataprocessor[98687:3420491] warning: Metadata extraction skipped. No AppIntents.framework dependency found.

CodeSign /Volumes/SN550-2T/freewind-demos/swiftui-macos-carbon-global-hotkey-demo/build/out/Debug/SwiftUICarbonGlobalHotkeyDemo.app/Contents/MacOS/SwiftUICarbonGlobalHotkeyDemo.debug.dylib (in target 'SwiftUICarbonGlobalHotkeyDemo' from project 'SwiftUICarbonGlobalHotkeyDemo')
    cd /Volumes/SN550-2T/freewind-demos/swiftui-macos-carbon-global-hotkey-demo
    
    Signing Identity:     "Sign to Run Locally"
    
    /usr/bin/codesign --force --sign - --timestamp\=none --generate-entitlement-der /Volumes/SN550-2T/freewind-demos/swiftui-macos-carbon-global-hotkey-demo/build/out/Debug/SwiftUICarbonGlobalHotkeyDemo.app/Contents/MacOS/SwiftUICarbonGlobalHotkeyDemo.debug.dylib

CodeSign /Volumes/SN550-2T/freewind-demos/swiftui-macos-carbon-global-hotkey-demo/build/out/Debug/SwiftUICarbonGlobalHotkeyDemo.app/Contents/MacOS/__preview.dylib (in target 'SwiftUICarbonGlobalHotkeyDemo' from project 'SwiftUICarbonGlobalHotkeyDemo')
    cd /Volumes/SN550-2T/freewind-demos/swiftui-macos-carbon-global-hotkey-demo
    
    Signing Identity:     "Sign to Run Locally"
    
    /usr/bin/codesign --force --sign - --timestamp\=none --generate-entitlement-der /Volumes/SN550-2T/freewind-demos/swiftui-macos-carbon-global-hotkey-demo/build/out/Debug/SwiftUICarbonGlobalHotkeyDemo.app/Contents/MacOS/__preview.dylib

CodeSign /Volumes/SN550-2T/freewind-demos/swiftui-macos-carbon-global-hotkey-demo/build/out/Debug/SwiftUICarbonGlobalHotkeyDemo.app (in target 'SwiftUICarbonGlobalHotkeyDemo' from project 'SwiftUICarbonGlobalHotkeyDemo')
    cd /Volumes/SN550-2T/freewind-demos/swiftui-macos-carbon-global-hotkey-demo
    
    Signing Identity:     "Sign to Run Locally"
    
    /usr/bin/codesign --force --sign - --entitlements /Volumes/SN550-2T/freewind-demos/swiftui-macos-carbon-global-hotkey-demo/build/out/DerivedData/Build/Intermediates.noindex/SwiftUICarbonGlobalHotkeyDemo.build/Debug/SwiftUICarbonGlobalHotkeyDemo.build/SwiftUICarbonGlobalHotkeyDemo.app.xcent --timestamp\=none --generate-entitlement-der /Volumes/SN550-2T/freewind-demos/swiftui-macos-carbon-global-hotkey-demo/build/out/Debug/SwiftUICarbonGlobalHotkeyDemo.app

RegisterExecutionPolicyException /Volumes/SN550-2T/freewind-demos/swiftui-macos-carbon-global-hotkey-demo/build/out/Debug/SwiftUICarbonGlobalHotkeyDemo.app (in target 'SwiftUICarbonGlobalHotkeyDemo' from project 'SwiftUICarbonGlobalHotkeyDemo')
    cd /Volumes/SN550-2T/freewind-demos/swiftui-macos-carbon-global-hotkey-demo
    builtin-RegisterExecutionPolicyException /Volumes/SN550-2T/freewind-demos/swiftui-macos-carbon-global-hotkey-demo/build/out/Debug/SwiftUICarbonGlobalHotkeyDemo.app

Validate /Volumes/SN550-2T/freewind-demos/swiftui-macos-carbon-global-hotkey-demo/build/out/Debug/SwiftUICarbonGlobalHotkeyDemo.app (in target 'SwiftUICarbonGlobalHotkeyDemo' from project 'SwiftUICarbonGlobalHotkeyDemo')
    cd /Volumes/SN550-2T/freewind-demos/swiftui-macos-carbon-global-hotkey-demo
    builtin-validationUtility /Volumes/SN550-2T/freewind-demos/swiftui-macos-carbon-global-hotkey-demo/build/out/Debug/SwiftUICarbonGlobalHotkeyDemo.app -no-validate-extension -infoplist-subpath Contents/Info.plist

Touch /Volumes/SN550-2T/freewind-demos/swiftui-macos-carbon-global-hotkey-demo/build/out/Debug/SwiftUICarbonGlobalHotkeyDemo.app (in target 'SwiftUICarbonGlobalHotkeyDemo' from project 'SwiftUICarbonGlobalHotkeyDemo')
    cd /Volumes/SN550-2T/freewind-demos/swiftui-macos-carbon-global-hotkey-demo
    /usr/bin/touch -c /Volumes/SN550-2T/freewind-demos/swiftui-macos-carbon-global-hotkey-demo/build/out/Debug/SwiftUICarbonGlobalHotkeyDemo.app

RegisterWithLaunchServices /Volumes/SN550-2T/freewind-demos/swiftui-macos-carbon-global-hotkey-demo/build/out/Debug/SwiftUICarbonGlobalHotkeyDemo.app (in target 'SwiftUICarbonGlobalHotkeyDemo' from project 'SwiftUICarbonGlobalHotkeyDemo')
    cd /Volumes/SN550-2T/freewind-demos/swiftui-macos-carbon-global-hotkey-demo
    /System/Library/Frameworks/CoreServices.framework/Versions/Current/Frameworks/LaunchServices.framework/Versions/Current/Support/lsregister -f -R -trusted /Volumes/SN550-2T/freewind-demos/swiftui-macos-carbon-global-hotkey-demo/build/out/Debug/SwiftUICarbonGlobalHotkeyDemo.app

** BUILD SUCCEEDED **

